[ 2018-04-25T00:10:24+08:00 ] ::1 /2018/dongfeng3/
INFO: [ app_init ] --START--
INFO: Run Behavior\BuildLiteBehavior [ RunTime:0.000000s ]
INFO: [ app_init ] --END-- [ RunTime:0.001000s ]
NOTIC: [2] include(./Common/Conf/config.php): failed to open stream: No such file or directory D:\xampp\htdocs\2018\dongfeng3\Application\Home\Conf\config.php ç¬¬ 7 è¡Œ.
NOTIC: [2] include(): Failed opening './Common/Conf/config.php' for inclusion (include_path='.;D:\xampp\php\PEAR') D:\xampp\htdocs\2018\dongfeng3\Application\Home\Conf\config.php ç¬¬ 7 è¡Œ.
NOTIC: [2] array_merge(): Argument #1 is not an array D:\xampp\htdocs\2018\dongfeng3\Application\Home\Conf\config.php ç¬¬ 7 è¡Œ.
INFO: [ app_begin ] --START--
INFO: Run Behavior\ReadHtmlCacheBehavior [ RunTime:0.001000s ]
INFO: [ app_begin ] --END-- [ RunTime:0.001000s ]
NOTIC: [2] PDO::__construct():  D:\xampp\htdocs\2018\dongfeng3\ThinkPHP\Library\Think\Db\Driver.class.php ç¬¬ 103 è¡Œ.
ERR: SQLSTATE[HY000] [2002] php_network_getaddresses: getaddrinfo failed: ²»ÖªµÀÕâÑùµÄÖ÷»ú¡£ 

[ 2018-04-25T00:10:24+08:00 ] ::1 /2018/dongfeng3/
INFO: [ app_init ] --START--
INFO: Run Behavior\BuildLiteBehavior [ RunTime:0.000000s ]
INFO: [ app_init ] --END-- [ RunTime:0.000000s ]
NOTIC: [2] include(./Common/Conf/config.php): failed to open stream: No such file or directory D:\xampp\htdocs\2018\dongfeng3\Application\Home\Conf\config.php ç¬¬ 7 è¡Œ.
NOTIC: [2] include(): Failed opening './Common/Conf/config.php' for inclusion (include_path='.;D:\xampp\php\PEAR') D:\xampp\htdocs\2018\dongfeng3\Application\Home\Conf\config.php ç¬¬ 7 è¡Œ.
NOTIC: [2] array_merge(): Argument #1 is not an array D:\xampp\htdocs\2018\dongfeng3\Application\Home\Conf\config.php ç¬¬ 7 è¡Œ.
INFO: [ app_begin ] --START--
INFO: Run Behavior\ReadHtmlCacheBehavior [ RunTime:0.001000s ]
INFO: [ app_begin ] --END-- [ RunTime:0.001000s ]
SQL: SHOW COLUMNS FROM `app_name_list` [ RunTime:0.0470s ]
SQL: SELECT `id`,`num`,`imgurl` FROM `app_name_list` WHERE `id` = 0 LIMIT 1   [ RunTime:0.0480s ]
INFO: [ view_parse ] --START--
INFO: [ template_filter ] --START--
INFO: Run Behavior\ContentReplaceBehavior [ RunTime:0.000000s ]
INFO: [ template_filter ] --END-- [ RunTime:0.000000s ]
INFO: Run Behavior\ParseTemplateBehavior [ RunTime:0.017001s ]
INFO: [ view_parse ] --END-- [ RunTime:0.017001s ]
INFO: [ view_filter ] --START--
INFO: Run Behavior\WriteHtmlCacheBehavior [ RunTime:0.002000s ]
INFO: [ view_filter ] --END-- [ RunTime:0.002000s ]
INFO: [ app_end ] --START--
INFO: Run Behavior\ShowPageTraceBehavior [ RunTime:0.002001s ]
INFO: [ app_end ] --END-- [ RunTime:0.002001s ]

[ 2018-04-25T00:29:48+08:00 ] ::1 /2018/dongfeng3/
INFO: [ app_init ] --START--
INFO: Run Behavior\BuildLiteBehavior [ RunTime:0.000000s ]
INFO: [ app_init ] --END-- [ RunTime:0.002000s ]
NOTIC: [2] include(./Common/Conf/config.php): failed to open stream: No such file or directory D:\xampp\htdocs\2018\dongfeng3\Application\Home\Conf\config.php ç¬¬ 7 è¡Œ.
NOTIC: [2] include(): Failed opening './Common/Conf/config.php' for inclusion (include_path='.;D:\xampp\php\PEAR') D:\xampp\htdocs\2018\dongfeng3\Application\Home\Conf\config.php ç¬¬ 7 è¡Œ.
NOTIC: [2] array_merge(): Argument #1 is not an array D:\xampp\htdocs\2018\dongfeng3\Application\Home\Conf\config.php ç¬¬ 7 è¡Œ.
INFO: [ app_begin ] --START--
INFO: Run Behavior\ReadHtmlCacheBehavior [ RunTime:0.001000s ]
INFO: [ app_begin ] --END-- [ RunTime:0.001000s ]
SQL: SHOW COLUMNS FROM `app_name_list` [ RunTime:0.0460s ]
SQL: SELECT `id`,`num`,`imgurl` FROM `app_name_list` WHERE `id` = 0 LIMIT 1   [ RunTime:0.0450s ]
INFO: [ view_parse ] --START--
INFO: [ template_filter ] --START--
INFO: Run Behavior\ContentReplaceBehavior [ RunTime:0.000000s ]
INFO: [ template_filter ] --END-- [ RunTime:0.001000s ]
INFO: Run Behavior\ParseTemplateBehavior [ RunTime:0.014001s ]
INFO: [ view_parse ] --END-- [ RunTime:0.014001s ]
INFO: [ view_filter ] --START--
INFO: Run Behavior\WriteHtmlCacheBehavior [ RunTime:0.001000s ]
INFO: [ view_filter ] --END-- [ RunTime:0.001000s ]
INFO: [ app_end ] --START--
INFO: Run Behavior\ShowPageTraceBehavior [ RunTime:0.001000s ]
INFO: [ app_end ] --END-- [ RunTime:0.001000s ]

[ 2018-04-25T00:29:52+08:00 ] ::1 /2018/dongfeng3/
INFO: [ app_init ] --START--
INFO: Run Behavior\BuildLiteBehavior [ RunTime:0.000000s ]
INFO: [ app_init ] --END-- [ RunTime:0.000000s ]
NOTIC: [2] include(./Common/Conf/config.php): failed to open stream: No such file or directory D:\xampp\htdocs\2018\dongfeng3\Application\Home\Conf\config.php ç¬¬ 7 è¡Œ.
NOTIC: [2] include(): Failed opening './Common/Conf/config.php' for inclusion (include_path='.;D:\xampp\php\PEAR') D:\xampp\htdocs\2018\dongfeng3\Application\Home\Conf\config.php ç¬¬ 7 è¡Œ.
NOTIC: [2] array_merge(): Argument #1 is not an array D:\xampp\htdocs\2018\dongfeng3\Application\Home\Conf\config.php ç¬¬ 7 è¡Œ.
INFO: [ app_begin ] --START--
INFO: Run Behavior\ReadHtmlCacheBehavior [ RunTime:0.001000s ]
INFO: [ app_begin ] --END-- [ RunTime:0.001000s ]
SQL: SHOW COLUMNS FROM `app_name_list` [ RunTime:0.0450s ]
SQL: SELECT `id`,`num`,`imgurl` FROM `app_name_list` WHERE `id` = 0 LIMIT 1   [ RunTime:0.0460s ]
INFO: [ view_parse ] --START--
INFO: [ template_filter ] --START--
INFO: Run Behavior\ContentReplaceBehavior [ RunTime:0.000000s ]
INFO: [ template_filter ] --END-- [ RunTime:0.000000s ]
INFO: Run Behavior\ParseTemplateBehavior [ RunTime:0.013001s ]
INFO: [ view_parse ] --END-- [ RunTime:0.013001s ]
INFO: [ view_filter ] --START--
INFO: Run Behavior\WriteHtmlCacheBehavior [ RunTime:0.001000s ]
INFO: [ view_filter ] --END-- [ RunTime:0.001000s ]
INFO: [ app_end ] --START--
INFO: Run Behavior\ShowPageTraceBehavior [ RunTime:0.001000s ]
INFO: [ app_end ] --END-- [ RunTime:0.001000s ]

[ 2018-04-25T00:34:34+08:00 ] ::1 /2018/dongfeng3/
INFO: [ app_init ] --START--
INFO: Run Behavior\BuildLiteBehavior [ RunTime:0.000000s ]
INFO: [ app_init ] --END-- [ RunTime:0.001000s ]
NOTIC: [2] include(./Common/Conf/config.php): failed to open stream: No such file or directory D:\xampp\htdocs\2018\dongfeng3\Application\Home\Conf\config.php ç¬¬ 7 è¡Œ.
NOTIC: [2] include(): Failed opening './Common/Conf/config.php' for inclusion (include_path='.;D:\xampp\php\PEAR') D:\xampp\htdocs\2018\dongfeng3\Application\Home\Conf\config.php ç¬¬ 7 è¡Œ.
NOTIC: [2] array_merge(): Argument #1 is not an array D:\xampp\htdocs\2018\dongfeng3\Application\Home\Conf\config.php ç¬¬ 7 è¡Œ.
INFO: [ app_begin ] --START--
INFO: Run Behavior\ReadHtmlCacheBehavior [ RunTime:0.001000s ]
INFO: [ app_begin ] --END-- [ RunTime:0.002000s ]
SQL: SHOW COLUMNS FROM `app_name_list` [ RunTime:0.0490s ]
SQL: SELECT `id`,`num`,`imgurl` FROM `app_name_list` WHERE `id` = 0 LIMIT 1   [ RunTime:0.0480s ]
INFO: [ view_parse ] --START--
INFO: [ template_filter ] --START--
INFO: Run Behavior\ContentReplaceBehavior [ RunTime:0.000000s ]
INFO: [ template_filter ] --END-- [ RunTime:0.000000s ]
INFO: Run Behavior\ParseTemplateBehavior [ RunTime:0.014000s ]
INFO: [ view_parse ] --END-- [ RunTime:0.014000s ]
INFO: [ view_filter ] --START--
INFO: Run Behavior\WriteHtmlCacheBehavior [ RunTime:0.001000s ]
INFO: [ view_filter ] --END-- [ RunTime:0.001000s ]
INFO: [ app_end ] --START--
INFO: Run Behavior\ShowPageTraceBehavior [ RunTime:0.001000s ]
INFO: [ app_end ] --END-- [ RunTime:0.001000s ]

[ 2018-04-25T00:42:36+08:00 ] 192.168.0.210 /2018/dongfeng3/
INFO: [ app_init ] --START--
INFO: Run Behavior\BuildLiteBehavior [ RunTime:0.000000s ]
INFO: [ app_init ] --END-- [ RunTime:0.001000s ]
NOTIC: [2] include(./Common/Conf/config.php): failed to open stream: No such file or directory D:\xampp\htdocs\2018\dongfeng3\Application\Home\Conf\config.php ç¬¬ 7 è¡Œ.
NOTIC: [2] include(): Failed opening './Common/Conf/config.php' for inclusion (include_path='.;D:\xampp\php\PEAR') D:\xampp\htdocs\2018\dongfeng3\Application\Home\Conf\config.php ç¬¬ 7 è¡Œ.
NOTIC: [2] array_merge(): Argument #1 is not an array D:\xampp\htdocs\2018\dongfeng3\Application\Home\Conf\config.php ç¬¬ 7 è¡Œ.
INFO: [ app_begin ] --START--
INFO: Run Behavior\ReadHtmlCacheBehavior [ RunTime:0.001000s ]
INFO: [ app_begin ] --END-- [ RunTime:0.001000s ]

[ 2018-04-25T00:59:06+08:00 ] ::1 /2018/dongfeng3/
INFO: [ app_init ] --START--
INFO: Run Behavior\BuildLiteBehavior [ RunTime:0.000000s ]
INFO: [ app_init ] --END-- [ RunTime:0.001000s ]
NOTIC: [2] include(./Common/Conf/config.php): failed to open stream: No such file or directory D:\xampp\htdocs\2018\dongfeng3\Application\Home\Conf\config.php ç¬¬ 7 è¡Œ.
NOTIC: [2] include(): Failed opening './Common/Conf/config.php' for inclusion (include_path='.;D:\xampp\php\PEAR') D:\xampp\htdocs\2018\dongfeng3\Application\Home\Conf\config.php ç¬¬ 7 è¡Œ.
NOTIC: [2] array_merge(): Argument #1 is not an array D:\xampp\htdocs\2018\dongfeng3\Application\Home\Conf\config.php ç¬¬ 7 è¡Œ.
INFO: [ app_begin ] --START--
INFO: Run Behavior\ReadHtmlCacheBehavior [ RunTime:0.001000s ]
INFO: [ app_begin ] --END-- [ RunTime:0.001000s ]
SQL: SHOW COLUMNS FROM `app_name_list` [ RunTime:0.0460s ]
SQL: SELECT `id`,`num`,`imgurl` FROM `app_name_list` WHERE `id` = 0 LIMIT 1   [ RunTime:0.0460s ]
INFO: [ view_parse ] --START--
INFO: [ template_filter ] --START--
INFO: Run Behavior\ContentReplaceBehavior [ RunTime:0.000000s ]
INFO: [ template_filter ] --END-- [ RunTime:0.000000s ]
INFO: Run Behavior\ParseTemplateBehavior [ RunTime:0.014000s ]
INFO: [ view_parse ] --END-- [ RunTime:0.014000s ]
INFO: [ view_filter ] --START--
INFO: Run Behavior\WriteHtmlCacheBehavior [ RunTime:0.001000s ]
INFO: [ view_filter ] --END-- [ RunTime:0.001000s ]
INFO: [ app_end ] --START--
INFO: Run Behavior\ShowPageTraceBehavior [ RunTime:0.001000s ]
INFO: [ app_end ] --END-- [ RunTime:0.001000s ]

[ 2018-04-25T01:00:20+08:00 ] 192.168.0.210 /2018/dongfeng3/
INFO: [ app_init ] --START--
INFO: Run Behavior\BuildLiteBehavior [ RunTime:0.000000s ]
INFO: [ app_init ] --END-- [ RunTime:0.000000s ]
NOTIC: [2] include(./Common/Conf/config.php): failed to open stream: No such file or directory D:\xampp\htdocs\2018\dongfeng3\Application\Home\Conf\config.php ç¬¬ 7 è¡Œ.
NOTIC: [2] include(): Failed opening './Common/Conf/config.php' for inclusion (include_path='.;D:\xampp\php\PEAR') D:\xampp\htdocs\2018\dongfeng3\Application\Home\Conf\config.php ç¬¬ 7 è¡Œ.
NOTIC: [2] array_merge(): Argument #1 is not an array D:\xampp\htdocs\2018\dongfeng3\Application\Home\Conf\config.php ç¬¬ 7 è¡Œ.
INFO: [ app_begin ] --START--
INFO: Run Behavior\ReadHtmlCacheBehavior [ RunTime:0.001000s ]
INFO: [ app_begin ] --END-- [ RunTime:0.001000s ]

[ 2018-04-25T01:00:22+08:00 ] ::1 /2018/dongfeng3/
INFO: [ app_init ] --START--
INFO: Run Behavior\BuildLiteBehavior [ RunTime:0.000000s ]
INFO: [ app_init ] --END-- [ RunTime:0.000000s ]
NOTIC: [2] include(./Common/Conf/config.php): failed to open stream: No such file or directory D:\xampp\htdocs\2018\dongfeng3\Application\Home\Conf\config.php ç¬¬ 7 è¡Œ.
NOTIC: [2] include(): Failed opening './Common/Conf/config.php' for inclusion (include_path='.;D:\xampp\php\PEAR') D:\xampp\htdocs\2018\dongfeng3\Application\Home\Conf\config.php ç¬¬ 7 è¡Œ.
NOTIC: [2] array_merge(): Argument #1 is not an array D:\xampp\htdocs\2018\dongfeng3\Application\Home\Conf\config.php ç¬¬ 7 è¡Œ.
INFO: [ app_begin ] --START--
INFO: Run Behavior\ReadHtmlCacheBehavior [ RunTime:0.001000s ]
INFO: [ app_begin ] --END-- [ RunTime:0.001000s ]
SQL: SHOW COLUMNS FROM `app_name_list` [ RunTime:0.0460s ]
SQL: SELECT `id`,`num`,`imgurl` FROM `app_name_list` WHERE `id` = 0 LIMIT 1   [ RunTime:0.0530s ]
INFO: [ view_parse ] --START--
INFO: [ template_filter ] --START--
INFO: Run Behavior\ContentReplaceBehavior [ RunTime:0.000000s ]
INFO: [ template_filter ] --END-- [ RunTime:0.000000s ]
INFO: Run Behavior\ParseTemplateBehavior [ RunTime:0.013001s ]
INFO: [ view_parse ] --END-- [ RunTime:0.013001s ]
INFO: [ view_filter ] --START--
INFO: Run Behavior\WriteHtmlCacheBehavior [ RunTime:0.000000s ]
INFO: [ view_filter ] --END-- [ RunTime:0.000000s ]
INFO: [ app_end ] --START--
INFO: Run Behavior\ShowPageTraceBehavior [ RunTime:0.000000s ]
INFO: [ app_end ] --END-- [ RunTime:0.001000s ]

[ 2018-04-25T01:01:40+08:00 ] 192.168.0.210 /2018/dongfeng3/
INFO: [ app_init ] --START--
INFO: Run Behavior\BuildLiteBehavior [ RunTime:0.000000s ]
INFO: [ app_init ] --END-- [ RunTime:0.001000s ]
NOTIC: [2] include(./Common/Conf/config.php): failed to open stream: No such file or directory D:\xampp\htdocs\2018\dongfeng3\Application\Home\Conf\config.php ç¬¬ 7 è¡Œ.
NOTIC: [2] include(): Failed opening './Common/Conf/config.php' for inclusion (include_path='.;D:\xampp\php\PEAR') D:\xampp\htdocs\2018\dongfeng3\Application\Home\Conf\config.php ç¬¬ 7 è¡Œ.
NOTIC: [2] array_merge(): Argument #1 is not an array D:\xampp\htdocs\2018\dongfeng3\Application\Home\Conf\config.php ç¬¬ 7 è¡Œ.
INFO: [ app_begin ] --START--
INFO: Run Behavior\ReadHtmlCacheBehavior [ RunTime:0.001000s ]
INFO: [ app_begin ] --END-- [ RunTime:0.001000s ]

[ 2018-04-25T01:45:30+08:00 ] ::1 /2018/dongfeng3/
INFO: [ app_init ] --START--
INFO: Run Behavior\BuildLiteBehavior [ RunTime:0.000000s ]
INFO: [ app_init ] --END-- [ RunTime:0.001000s ]
NOTIC: [2] include(./Common/Conf/config.php): failed to open stream: No such file or directory D:\xampp\htdocs\2018\dongfeng3\Application\Home\Conf\config.php ç¬¬ 7 è¡Œ.
NOTIC: [2] include(): Failed opening './Common/Conf/config.php' for inclusion (include_path='.;D:\xampp\php\PEAR') D:\xampp\htdocs\2018\dongfeng3\Application\Home\Conf\config.php ç¬¬ 7 è¡Œ.
NOTIC: [2] array_merge(): Argument #1 is not an array D:\xampp\htdocs\2018\dongfeng3\Application\Home\Conf\config.php ç¬¬ 7 è¡Œ.
INFO: [ app_begin ] --START--
INFO: Run Behavior\ReadHtmlCacheBehavior [ RunTime:0.001000s ]
INFO: [ app_begin ] --END-- [ RunTime:0.001000s ]
SQL: SHOW COLUMNS FROM `app_name_list` [ RunTime:0.1320s ]
SQL: SELECT `id`,`num`,`imgurl` FROM `app_name_list` WHERE `id` = 0 LIMIT 1   [ RunTime:0.0440s ]
INFO: [ view_parse ] --START--
INFO: [ template_filter ] --START--
INFO: Run Behavior\ContentReplaceBehavior [ RunTime:0.000000s ]
INFO: [ template_filter ] --END-- [ RunTime:0.000000s ]
INFO: Run Behavior\ParseTemplateBehavior [ RunTime:0.014000s ]
INFO: [ view_parse ] --END-- [ RunTime:0.014000s ]
INFO: [ view_filter ] --START--
INFO: Run Behavior\WriteHtmlCacheBehavior [ RunTime:0.001000s ]
INFO: [ view_filter ] --END-- [ RunTime:0.001000s ]
INFO: [ app_end ] --START--
INFO: Run Behavior\ShowPageTraceBehavior [ RunTime:0.001000s ]
INFO: [ app_end ] --END-- [ RunTime:0.001000s ]

[ 2018-04-25T01:46:32+08:00 ] ::1 /2018/dongfeng3/
INFO: [ app_init ] --START--
INFO: Run Behavior\BuildLiteBehavior [ RunTime:0.000000s ]
INFO: [ app_init ] --END-- [ RunTime:0.000000s ]
NOTIC: [2] include(./Common/Conf/config.php): failed to open stream: No such file or directory D:\xampp\htdocs\2018\dongfeng3\Application\Home\Conf\config.php ç¬¬ 7 è¡Œ.
NOTIC: [2] include(): Failed opening './Common/Conf/config.php' for inclusion (include_path='.;D:\xampp\php\PEAR') D:\xampp\htdocs\2018\dongfeng3\Application\Home\Conf\config.php ç¬¬ 7 è¡Œ.
NOTIC: [2] array_merge(): Argument #1 is not an array D:\xampp\htdocs\2018\dongfeng3\Application\Home\Conf\config.php ç¬¬ 7 è¡Œ.
INFO: [ app_begin ] --START--
INFO: Run Behavior\ReadHtmlCacheBehavior [ RunTime:0.001000s ]
INFO: [ app_begin ] --END-- [ RunTime:0.001000s ]
SQL: SHOW COLUMNS FROM `app_name_list` [ RunTime:0.0460s ]
SQL: SELECT `id`,`num`,`imgurl` FROM `app_name_list` WHERE `id` = 0 LIMIT 1   [ RunTime:0.0450s ]
INFO: [ view_parse ] --START--
INFO: [ template_filter ] --START--
INFO: Run Behavior\ContentReplaceBehavior [ RunTime:0.000000s ]
INFO: [ template_filter ] --END-- [ RunTime:0.000000s ]
INFO: Run Behavior\ParseTemplateBehavior [ RunTime:0.014001s ]
INFO: [ view_parse ] --END-- [ RunTime:0.014001s ]
INFO: [ view_filter ] --START--
INFO: Run Behavior\WriteHtmlCacheBehavior [ RunTime:0.001000s ]
INFO: [ view_filter ] --END-- [ RunTime:0.001000s ]
INFO: [ app_end ] --START--
INFO: Run Behavior\ShowPageTraceBehavior [ RunTime:0.001000s ]
INFO: [ app_end ] --END-- [ RunTime:0.001000s ]

[ 2018-04-25T03:27:16+08:00 ] ::1 /2018/dongfeng3/
NOTIC: [2] include(./Common/Conf/config.php): failed to open stream: No such file or directory D:\xampp\htdocs\2018\dongfeng3\Application\Home\Conf\config.php ç¬¬ 7 è¡Œ.
NOTIC: [2] include(): Failed opening './Common/Conf/config.php' for inclusion (include_path='.;D:\xampp\php\PEAR') D:\xampp\htdocs\2018\dongfeng3\Application\Home\Conf\config.php ç¬¬ 7 è¡Œ.
NOTIC: [2] array_merge(): Argument #1 is not an array D:\xampp\htdocs\2018\dongfeng3\Application\Home\Conf\config.php ç¬¬ 7 è¡Œ.
ERR: SQLSTATE[HY000] [1049] Unknown database 'app_dongfeng'

[ 2018-04-25T03:27:24+08:00 ] ::1 /2018/dongfeng3/
NOTIC: [2] include(./Common/Conf/config.php): failed to open stream: No such file or directory D:\xampp\htdocs\2018\dongfeng3\Application\Home\Conf\config.php ç¬¬ 7 è¡Œ.
NOTIC: [2] include(): Failed opening './Common/Conf/config.php' for inclusion (include_path='.;D:\xampp\php\PEAR') D:\xampp\htdocs\2018\dongfeng3\Application\Home\Conf\config.php ç¬¬ 7 è¡Œ.
NOTIC: [2] array_merge(): Argument #1 is not an array D:\xampp\htdocs\2018\dongfeng3\Application\Home\Conf\config.php ç¬¬ 7 è¡Œ.
ERR: SQLSTATE[HY000] [1049] Unknown database 'app_dongfeng'

[ 2018-04-25T03:27:29+08:00 ] ::1 /2018/dongfeng3/
NOTIC: [2] include(./Common/Conf/config.php): failed to open stream: No such file or directory D:\xampp\htdocs\2018\dongfeng3\Application\Home\Conf\config.php ç¬¬ 7 è¡Œ.
NOTIC: [2] include(): Failed opening './Common/Conf/config.php' for inclusion (include_path='.;D:\xampp\php\PEAR') D:\xampp\htdocs\2018\dongfeng3\Application\Home\Conf\config.php ç¬¬ 7 è¡Œ.
NOTIC: [2] array_merge(): Argument #1 is not an array D:\xampp\htdocs\2018\dongfeng3\Application\Home\Conf\config.php ç¬¬ 7 è¡Œ.
ERR: SQLSTATE[HY000] [1049] Unknown database 'app_dongfeng'

[ 2018-04-25T03:27:31+08:00 ] ::1 /2018/dongfeng3/
NOTIC: [2] include(./Common/Conf/config.php): failed to open stream: No such file or directory D:\xampp\htdocs\2018\dongfeng3\Application\Home\Conf\config.php ç¬¬ 7 è¡Œ.
NOTIC: [2] include(): Failed opening './Common/Conf/config.php' for inclusion (include_path='.;D:\xampp\php\PEAR') D:\xampp\htdocs\2018\dongfeng3\Application\Home\Conf\config.php ç¬¬ 7 è¡Œ.
NOTIC: [2] array_merge(): Argument #1 is not an array D:\xampp\htdocs\2018\dongfeng3\Application\Home\Conf\config.php ç¬¬ 7 è¡Œ.
ERR: SQLSTATE[HY000] [1049] Unknown database 'app_dongfeng'

[ 2018-04-25T03:27:43+08:00 ] ::1 /2018/dongfeng3/
INFO: [ app_init ] --START--
INFO: Run Behavior\BuildLiteBehavior [ RunTime:0.000000s ]
INFO: [ app_init ] --END-- [ RunTime:0.001000s ]
NOTIC: [2] include(./Common/Conf/config.php): failed to open stream: No such file or directory D:\xampp\htdocs\2018\dongfeng3\Application\Home\Conf\config.php ç¬¬ 7 è¡Œ.
NOTIC: [2] include(): Failed opening './Common/Conf/config.php' for inclusion (include_path='.;D:\xampp\php\PEAR') D:\xampp\htdocs\2018\dongfeng3\Application\Home\Conf\config.php ç¬¬ 7 è¡Œ.
NOTIC: [2] array_merge(): Argument #1 is not an array D:\xampp\htdocs\2018\dongfeng3\Application\Home\Conf\config.php ç¬¬ 7 è¡Œ.
INFO: [ app_begin ] --START--
INFO: Run Behavior\ReadHtmlCacheBehavior [ RunTime:0.001000s ]
INFO: [ app_begin ] --END-- [ RunTime:0.001000s ]
SQL: SHOW COLUMNS FROM `app_name_list` [ RunTime:0.0470s ]
SQL: SELECT `id`,`num`,`imgurl` FROM `app_name_list` WHERE `id` = 0 LIMIT 1   [ RunTime:0.1020s ]
INFO: [ view_parse ] --START--
INFO: [ template_filter ] --START--
INFO: Run Behavior\ContentReplaceBehavior [ RunTime:0.001000s ]
INFO: [ template_filter ] --END-- [ RunTime:0.001000s ]
INFO: Run Behavior\ParseTemplateBehavior [ RunTime:0.014000s ]
INFO: [ view_parse ] --END-- [ RunTime:0.014000s ]
INFO: [ view_filter ] --START--
INFO: Run Behavior\WriteHtmlCacheBehavior [ RunTime:0.001000s ]
INFO: [ view_filter ] --END-- [ RunTime:0.001000s ]
INFO: [ app_end ] --START--
INFO: Run Behavior\ShowPageTraceBehavior [ RunTime:0.001000s ]
INFO: [ app_end ] --END-- [ RunTime:0.001000s ]

[ 2018-04-25T03:27:53+08:00 ] ::1 /2018/dongfeng3/
INFO: [ app_init ] --START--
INFO: Run Behavior\BuildLiteBehavior [ RunTime:0.000000s ]
INFO: [ app_init ] --END-- [ RunTime:0.001000s ]
NOTIC: [2] include(./Common/Conf/config.php): failed to open stream: No such file or directory D:\xampp\htdocs\2018\dongfeng3\Application\Home\Conf\config.php ç¬¬ 7 è¡Œ.
NOTIC: [2] include(): Failed opening './Common/Conf/config.php' for inclusion (include_path='.;D:\xampp\php\PEAR') D:\xampp\htdocs\2018\dongfeng3\Application\Home\Conf\config.php ç¬¬ 7 è¡Œ.
NOTIC: [2] array_merge(): Argument #1 is not an array D:\xampp\htdocs\2018\dongfeng3\Application\Home\Conf\config.php ç¬¬ 7 è¡Œ.
INFO: [ app_begin ] --START--
INFO: Run Behavior\ReadHtmlCacheBehavior [ RunTime:0.001000s ]
INFO: [ app_begin ] --END-- [ RunTime:0.001000s ]
SQL: SHOW COLUMNS FROM `app_name_list` [ RunTime:0.0460s ]
SQL: SELECT `id`,`num`,`imgurl` FROM `app_name_list` WHERE `id` = 0 LIMIT 1   [ RunTime:0.0450s ]
INFO: [ view_parse ] --START--
INFO: [ template_filter ] --START--
INFO: Run Behavior\ContentReplaceBehavior [ RunTime:0.000000s ]
INFO: [ template_filter ] --END-- [ RunTime:0.000000s ]
INFO: Run Behavior\ParseTemplateBehavior [ RunTime:0.014000s ]
INFO: [ view_parse ] --END-- [ RunTime:0.014000s ]
INFO: [ view_filter ] --START--
INFO: Run Behavior\WriteHtmlCacheBehavior [ RunTime:0.001000s ]
INFO: [ view_filter ] --END-- [ RunTime:0.001000s ]
INFO: [ app_end ] --START--
INFO: Run Behavior\ShowPageTraceBehavior [ RunTime:0.001000s ]
INFO: [ app_end ] --END-- [ RunTime:0.001000s ]

[ 2018-04-25T05:40:08+08:00 ] ::1 /2018/dongfeng3/
INFO: [ app_init ] --START--
INFO: Run Behavior\BuildLiteBehavior [ RunTime:0.000000s ]
INFO: [ app_init ] --END-- [ RunTime:0.001000s ]
NOTIC: [2] include(./Common/Conf/config.php): failed to open stream: No such file or directory D:\xampp\htdocs\2018\dongfeng3\Application\Home\Conf\config.php ç¬¬ 7 è¡Œ.
NOTIC: [2] include(): Failed opening './Common/Conf/config.php' for inclusion (include_path='.;D:\xampp\php\PEAR') D:\xampp\htdocs\2018\dongfeng3\Application\Home\Conf\config.php ç¬¬ 7 è¡Œ.
NOTIC: [2] array_merge(): Argument #1 is not an array D:\xampp\htdocs\2018\dongfeng3\Application\Home\Conf\config.php ç¬¬ 7 è¡Œ.
INFO: [ app_begin ] --START--
INFO: Run Behavior\ReadHtmlCacheBehavior [ RunTime:0.002000s ]
INFO: [ app_begin ] --END-- [ RunTime:0.002000s ]
SQL: SHOW COLUMNS FROM `app_name_list` [ RunTime:0.0460s ]
SQL: SELECT `id`,`num`,`imgurl` FROM `app_name_list` WHERE `id` = 0 LIMIT 1   [ RunTime:0.0460s ]
INFO: [ view_parse ] --START--
INFO: [ template_filter ] --START--
INFO: Run Behavior\ContentReplaceBehavior [ RunTime:0.000000s ]
INFO: [ template_filter ] --END-- [ RunTime:0.000000s ]
INFO: Run Behavior\ParseTemplateBehavior [ RunTime:0.014001s ]
INFO: [ view_parse ] --END-- [ RunTime:0.014001s ]
INFO: [ view_filter ] --START--
INFO: Run Behavior\WriteHtmlCacheBehavior [ RunTime:0.001000s ]
INFO: [ view_filter ] --END-- [ RunTime:0.001000s ]
INFO: [ app_end ] --START--
INFO: Run Behavior\ShowPageTraceBehavior [ RunTime:0.002000s ]
INFO: [ app_end ] --END-- [ RunTime:0.002000s ]

[ 2018-04-25T06:01:12+08:00 ] ::1 /2018/dongfeng3/
INFO: [ app_init ] --START--
INFO: Run Behavior\BuildLiteBehavior [ RunTime:0.000000s ]
INFO: [ app_init ] --END-- [ RunTime:0.001000s ]
NOTIC: [2] include(./Common/Conf/config.php): failed to open stream: No such file or directory D:\xampp\htdocs\2018\dongfeng3\Application\Home\Conf\config.php ç¬¬ 7 è¡Œ.
NOTIC: [2] include(): Failed opening './Common/Conf/config.php' for inclusion (include_path='.;D:\xampp\php\PEAR') D:\xampp\htdocs\2018\dongfeng3\Application\Home\Conf\config.php ç¬¬ 7 è¡Œ.
NOTIC: [2] array_merge(): Argument #1 is not an array D:\xampp\htdocs\2018\dongfeng3\Application\Home\Conf\config.php ç¬¬ 7 è¡Œ.
INFO: [ app_begin ] --START--
INFO: Run Behavior\ReadHtmlCacheBehavior [ RunTime:0.001000s ]
INFO: [ app_begin ] --END-- [ RunTime:0.001000s ]
SQL: SHOW COLUMNS FROM `app_name_list` [ RunTime:0.0460s ]
SQL: SELECT `id`,`num`,`imgurl` FROM `app_name_list` WHERE `id` = 0 LIMIT 1   [ RunTime:0.0460s ]
INFO: [ view_parse ] --START--
INFO: [ template_filter ] --START--
INFO: Run Behavior\ContentReplaceBehavior [ RunTime:0.000000s ]
INFO: [ template_filter ] --END-- [ RunTime:0.000000s ]
INFO: Run Behavior\ParseTemplateBehavior [ RunTime:0.014001s ]
INFO: [ view_parse ] --END-- [ RunTime:0.014001s ]
INFO: [ view_filter ] --START--
INFO: Run Behavior\WriteHtmlCacheBehavior [ RunTime:0.001000s ]
INFO: [ view_filter ] --END-- [ RunTime:0.001000s ]
INFO: [ app_end ] --START--
INFO: Run Behavior\ShowPageTraceBehavior [ RunTime:0.001000s ]
INFO: [ app_end ] --END-- [ RunTime:0.001000s ]

[ 2018-04-25T06:29:19+08:00 ] ::1 /2018/dongfeng3/
INFO: [ app_init ] --START--
INFO: Run Behavior\BuildLiteBehavior [ RunTime:0.000000s ]
INFO: [ app_init ] --END-- [ RunTime:0.001000s ]
NOTIC: [2] include(./Common/Conf/config.php): failed to open stream: No such file or directory D:\xampp\htdocs\2018\dongfeng3\Application\Home\Conf\config.php ç¬¬ 7 è¡Œ.
NOTIC: [2] include(): Failed opening './Common/Conf/config.php' for inclusion (include_path='.;D:\xampp\php\PEAR') D:\xampp\htdocs\2018\dongfeng3\Application\Home\Conf\config.php ç¬¬ 7 è¡Œ.
NOTIC: [2] array_merge(): Argument #1 is not an array D:\xampp\htdocs\2018\dongfeng3\Application\Home\Conf\config.php ç¬¬ 7 è¡Œ.
INFO: [ app_begin ] --START--
INFO: Run Behavior\ReadHtmlCacheBehavior [ RunTime:0.001000s ]
INFO: [ app_begin ] --END-- [ RunTime:0.001000s ]
SQL: SHOW COLUMNS FROM `app_name_list` [ RunTime:0.0430s ]
SQL: SELECT `id`,`num`,`imgurl` FROM `app_name_list` WHERE `id` = 0 LIMIT 1   [ RunTime:0.0440s ]
INFO: [ view_parse ] --START--
INFO: [ template_filter ] --START--
INFO: Run Behavior\ContentReplaceBehavior [ RunTime:0.001000s ]
INFO: [ template_filter ] --END-- [ RunTime:0.001000s ]
INFO: Run Behavior\ParseTemplateBehavior [ RunTime:0.014001s ]
INFO: [ view_parse ] --END-- [ RunTime:0.014001s ]
INFO: [ view_filter ] --START--
INFO: Run Behavior\WriteHtmlCacheBehavior [ RunTime:0.001000s ]
INFO: [ view_filter ] --END-- [ RunTime:0.001000s ]
INFO: [ app_end ] --START--
INFO: Run Behavior\ShowPageTraceBehavior [ RunTime:0.001000s ]
INFO: [ app_end ] --END-- [ RunTime:0.001000s ]

[ 2018-04-25T06:29:37+08:00 ] ::1 /2018/dongfeng3/?a=smallImg
INFO: [ app_init ] --START--
INFO: Run Behavior\BuildLiteBehavior [ RunTime:0.000000s ]
INFO: [ app_init ] --END-- [ RunTime:0.000000s ]
NOTIC: [2] include(./Common/Conf/config.php): failed to open stream: No such file or directory D:\xampp\htdocs\2018\dongfeng3\Application\Home\Conf\config.php ç¬¬ 7 è¡Œ.
NOTIC: [2] include(): Failed opening './Common/Conf/config.php' for inclusion (include_path='.;D:\xampp\php\PEAR') D:\xampp\htdocs\2018\dongfeng3\Application\Home\Conf\config.php ç¬¬ 7 è¡Œ.
NOTIC: [2] array_merge(): Argument #1 is not an array D:\xampp\htdocs\2018\dongfeng3\Application\Home\Conf\config.php ç¬¬ 7 è¡Œ.
INFO: [ app_begin ] --START--
INFO: Run Behavior\ReadHtmlCacheBehavior [ RunTime:0.000000s ]
INFO: [ app_begin ] --END-- [ RunTime:0.000000s ]
SQL: SHOW COLUMNS FROM `app_name_list` [ RunTime:0.0450s ]
SQL: SELECT COUNT(*) AS tp_count FROM `app_name_list` WHERE `uid` = '11' LIMIT 1   [ RunTime:0.0450s ]
SQL: INSERT INTO `app_name_list` (`openid`,`uid`,`tel`,`imgurl`,`add_time`,`ip`) VALUES ('789789','11','18666967133','15246089772598.jpeg','2018-04-25 06:29:37','::1') [ RunTime:0.3610s ]

[ 2018-04-25T06:29:41+08:00 ] ::1 /2018/dongfeng3/?a=ranking
INFO: [ app_init ] --START--
INFO: Run Behavior\BuildLiteBehavior [ RunTime:0.000000s ]
INFO: [ app_init ] --END-- [ RunTime:0.001000s ]
NOTIC: [2] include(./Common/Conf/config.php): failed to open stream: No such file or directory D:\xampp\htdocs\2018\dongfeng3\Application\Home\Conf\config.php ç¬¬ 7 è¡Œ.
NOTIC: [2] include(): Failed opening './Common/Conf/config.php' for inclusion (include_path='.;D:\xampp\php\PEAR') D:\xampp\htdocs\2018\dongfeng3\Application\Home\Conf\config.php ç¬¬ 7 è¡Œ.
NOTIC: [2] array_merge(): Argument #1 is not an array D:\xampp\htdocs\2018\dongfeng3\Application\Home\Conf\config.php ç¬¬ 7 è¡Œ.
INFO: [ app_begin ] --START--
INFO: Run Behavior\ReadHtmlCacheBehavior [ RunTime:0.001000s ]
INFO: [ app_begin ] --END-- [ RunTime:0.001000s ]
SQL: SHOW COLUMNS FROM `app_name_list` [ RunTime:0.0440s ]
SQL: SELECT `id`,`num`,`uid`,`imgurl` FROM `app_name_list` ORDER BY num desc,id asc LIMIT 10   [ RunTime:0.0440s ]

[ 2018-04-25T06:43:52+08:00 ] 192.168.0.72 /2018/dongfeng3/
INFO: [ app_init ] --START--
INFO: Run Behavior\BuildLiteBehavior [ RunTime:0.000000s ]
INFO: [ app_init ] --END-- [ RunTime:0.001000s ]
NOTIC: [2] include(./Common/Conf/config.php): failed to open stream: No such file or directory D:\xampp\htdocs\2018\dongfeng3\Application\Home\Conf\config.php ç¬¬ 7 è¡Œ.
NOTIC: [2] include(): Failed opening './Common/Conf/config.php' for inclusion (include_path='.;D:\xampp\php\PEAR') D:\xampp\htdocs\2018\dongfeng3\Application\Home\Conf\config.php ç¬¬ 7 è¡Œ.
NOTIC: [2] array_merge(): Argument #1 is not an array D:\xampp\htdocs\2018\dongfeng3\Application\Home\Conf\config.php ç¬¬ 7 è¡Œ.
INFO: [ app_begin ] --START--
INFO: Run Behavior\ReadHtmlCacheBehavior [ RunTime:0.001000s ]
INFO: [ app_begin ] --END-- [ RunTime:0.001000s ]
SQL: SHOW COLUMNS FROM `app_name_list` [ RunTime:0.0450s ]
SQL: SELECT `id`,`num`,`imgurl` FROM `app_name_list` WHERE `id` = 0 LIMIT 1   [ RunTime:0.0480s ]
INFO: [ view_parse ] --START--
INFO: [ template_filter ] --START--
INFO: Run Behavior\ContentReplaceBehavior [ RunTime:0.000000s ]
INFO: [ template_filter ] --END-- [ RunTime:0.000000s ]
INFO: Run Behavior\ParseTemplateBehavior [ RunTime:0.015001s ]
INFO: [ view_parse ] --END-- [ RunTime:0.016001s ]
INFO: [ view_filter ] --START--
INFO: Run Behavior\WriteHtmlCacheBehavior [ RunTime:0.000000s ]
INFO: [ view_filter ] --END-- [ RunTime:0.001000s ]
INFO: [ app_end ] --START--
INFO: Run Behavior\ShowPageTraceBehavior [ RunTime:0.001000s ]
INFO: [ app_end ] --END-- [ RunTime:0.001000s ]

[ 2018-04-25T06:44:04+08:00 ] 192.168.0.91 /2018/dongfeng3/
INFO: [ app_init ] --START--
INFO: Run Behavior\BuildLiteBehavior [ RunTime:0.000000s ]
INFO: [ app_init ] --END-- [ RunTime:0.001001s ]
NOTIC: [2] include(./Common/Conf/config.php): failed to open stream: No such file or directory D:\xampp\htdocs\2018\dongfeng3\Application\Home\Conf\config.php ç¬¬ 7 è¡Œ.
NOTIC: [2] include(): Failed opening './Common/Conf/config.php' for inclusion (include_path='.;D:\xampp\php\PEAR') D:\xampp\htdocs\2018\dongfeng3\Application\Home\Conf\config.php ç¬¬ 7 è¡Œ.
NOTIC: [2] array_merge(): Argument #1 is not an array D:\xampp\htdocs\2018\dongfeng3\Application\Home\Conf\config.php ç¬¬ 7 è¡Œ.
INFO: [ app_begin ] --START--
INFO: Run Behavior\ReadHtmlCacheBehavior [ RunTime:0.001000s ]
INFO: [ app_begin ] --END-- [ RunTime:0.001000s ]

[ 2018-04-25T06:44:24+08:00 ] 192.168.0.91 /2018/dongfeng3/?a=openid
INFO: [ app_init ] --START--
INFO: Run Behavior\BuildLiteBehavior [ RunTime:0.000000s ]
INFO: [ app_init ] --END-- [ RunTime:0.000000s ]
NOTIC: [2] include(./Common/Conf/config.php): failed to open stream: No such file or directory D:\xampp\htdocs\2018\dongfeng3\Application\Home\Conf\config.php ç¬¬ 7 è¡Œ.
NOTIC: [2] include(): Failed opening './Common/Conf/config.php' for inclusion (include_path='.;D:\xampp\php\PEAR') D:\xampp\htdocs\2018\dongfeng3\Application\Home\Conf\config.php ç¬¬ 7 è¡Œ.
NOTIC: [2] array_merge(): Argument #1 is not an array D:\xampp\htdocs\2018\dongfeng3\Application\Home\Conf\config.php ç¬¬ 7 è¡Œ.
INFO: [ app_begin ] --START--
INFO: Run Behavior\ReadHtmlCacheBehavior [ RunTime:0.001000s ]
INFO: [ app_begin ] --END-- [ RunTime:0.001000s ]
INFO: [ app_end ] --START--
INFO: Run Behavior\ShowPageTraceBehavior [ RunTime:0.001000s ]
INFO: [ app_end ] --END-- [ RunTime:0.001000s ]

[ 2018-04-25T06:44:28+08:00 ] 192.168.0.91 /2018/dongfeng3/
INFO: [ app_init ] --START--
INFO: Run Behavior\BuildLiteBehavior [ RunTime:0.000000s ]
INFO: [ app_init ] --END-- [ RunTime:0.001000s ]
NOTIC: [2] include(./Common/Conf/config.php): failed to open stream: No such file or directory D:\xampp\htdocs\2018\dongfeng3\Application\Home\Conf\config.php ç¬¬ 7 è¡Œ.
NOTIC: [2] include(): Failed opening './Common/Conf/config.php' for inclusion (include_path='.;D:\xampp\php\PEAR') D:\xampp\htdocs\2018\dongfeng3\Application\Home\Conf\config.php ç¬¬ 7 è¡Œ.
NOTIC: [2] array_merge(): Argument #1 is not an array D:\xampp\htdocs\2018\dongfeng3\Application\Home\Conf\config.php ç¬¬ 7 è¡Œ.
INFO: [ app_begin ] --START--
INFO: Run Behavior\ReadHtmlCacheBehavior [ RunTime:0.000000s ]
INFO: [ app_begin ] --END-- [ RunTime:0.000000s ]
SQL: SHOW COLUMNS FROM `app_name_list` [ RunTime:0.0450s ]
SQL: SELECT `id`,`num`,`imgurl` FROM `app_name_list` WHERE `id` = 0 LIMIT 1   [ RunTime:0.0440s ]
INFO: [ view_parse ] --START--
INFO: [ template_filter ] --START--
INFO: Run Behavior\ContentReplaceBehavior [ RunTime:0.001000s ]
INFO: [ template_filter ] --END-- [ RunTime:0.001000s ]
INFO: Run Behavior\ParseTemplateBehavior [ RunTime:0.014001s ]
INFO: [ view_parse ] --END-- [ RunTime:0.014001s ]
INFO: [ view_filter ] --START--
INFO: Run Behavior\WriteHtmlCacheBehavior [ RunTime:0.001000s ]
INFO: [ view_filter ] --END-- [ RunTime:0.001000s ]
INFO: [ app_end ] --START--
INFO: Run Behavior\ShowPageTraceBehavior [ RunTime:0.001000s ]
INFO: [ app_end ] --END-- [ RunTime:0.001000s ]

[ 2018-04-25T06:45:48+08:00 ] 192.168.0.72 /2018/dongfeng3/
INFO: [ app_init ] --START--
INFO: Run Behavior\BuildLiteBehavior [ RunTime:0.000000s ]
INFO: [ app_init ] --END-- [ RunTime:0.001000s ]
NOTIC: [2] include(./Common/Conf/config.php): failed to open stream: No such file or directory D:\xampp\htdocs\2018\dongfeng3\Application\Home\Conf\config.php ç¬¬ 7 è¡Œ.
NOTIC: [2] include(): Failed opening './Common/Conf/config.php' for inclusion (include_path='.;D:\xampp\php\PEAR') D:\xampp\htdocs\2018\dongfeng3\Application\Home\Conf\config.php ç¬¬ 7 è¡Œ.
NOTIC: [2] array_merge(): Argument #1 is not an array D:\xampp\htdocs\2018\dongfeng3\Application\Home\Conf\config.php ç¬¬ 7 è¡Œ.
INFO: [ app_begin ] --START--
INFO: Run Behavior\ReadHtmlCacheBehavior [ RunTime:0.001000s ]
INFO: [ app_begin ] --END-- [ RunTime:0.002000s ]
SQL: SHOW COLUMNS FROM `app_name_list` [ RunTime:0.0460s ]
SQL: SELECT `id`,`num`,`imgurl` FROM `app_name_list` WHERE `id` = 0 LIMIT 1   [ RunTime:0.0460s ]
INFO: [ view_parse ] --START--
INFO: [ template_filter ] --START--
INFO: Run Behavior\ContentReplaceBehavior [ RunTime:0.001000s ]
INFO: [ template_filter ] --END-- [ RunTime:0.001000s ]
INFO: Run Behavior\ParseTemplateBehavior [ RunTime:0.014001s ]
INFO: [ view_parse ] --END-- [ RunTime:0.014001s ]
INFO: [ view_filter ] --START--
INFO: Run Behavior\WriteHtmlCacheBehavior [ RunTime:0.001000s ]
INFO: [ view_filter ] --END-- [ RunTime:0.001000s ]
INFO: [ app_end ] --START--
INFO: Run Behavior\ShowPageTraceBehavior [ RunTime:0.001000s ]
INFO: [ app_end ] --END-- [ RunTime:0.001000s ]

[ 2018-04-25T06:45:52+08:00 ] 192.168.0.72 /2018/dongfeng3/
INFO: [ app_init ] --START--
INFO: Run Behavior\BuildLiteBehavior [ RunTime:0.000000s ]
INFO: [ app_init ] --END-- [ RunTime:0.000000s ]
NOTIC: [2] include(./Common/Conf/config.php): failed to open stream: No such file or directory D:\xampp\htdocs\2018\dongfeng3\Application\Home\Conf\config.php ç¬¬ 7 è¡Œ.
NOTIC: [2] include(): Failed opening './Common/Conf/config.php' for inclusion (include_path='.;D:\xampp\php\PEAR') D:\xampp\htdocs\2018\dongfeng3\Application\Home\Conf\config.php ç¬¬ 7 è¡Œ.
NOTIC: [2] array_merge(): Argument #1 is not an array D:\xampp\htdocs\2018\dongfeng3\Application\Home\Conf\config.php ç¬¬ 7 è¡Œ.
INFO: [ app_begin ] --START--
INFO: Run Behavior\ReadHtmlCacheBehavior [ RunTime:0.001000s ]
INFO: [ app_begin ] --END-- [ RunTime:0.001000s ]
SQL: SHOW COLUMNS FROM `app_name_list` [ RunTime:0.0440s ]
SQL: SELECT `id`,`num`,`imgurl` FROM `app_name_list` WHERE `id` = 0 LIMIT 1   [ RunTime:0.0450s ]
INFO: [ view_parse ] --START--
INFO: [ template_filter ] --START--
INFO: Run Behavior\ContentReplaceBehavior [ RunTime:0.000000s ]
INFO: [ template_filter ] --END-- [ RunTime:0.000000s ]
INFO: Run Behavior\ParseTemplateBehavior [ RunTime:0.012001s ]
INFO: [ view_parse ] --END-- [ RunTime:0.012001s ]
INFO: [ view_filter ] --START--
INFO: Run Behavior\WriteHtmlCacheBehavior [ RunTime:0.000000s ]
INFO: [ view_filter ] --END-- [ RunTime:0.000000s ]
INFO: [ app_end ] --START--
INFO: Run Behavior\ShowPageTraceBehavior [ RunTime:0.001000s ]
INFO: [ app_end ] --END-- [ RunTime:0.001000s ]

[ 2018-04-25T06:46:20+08:00 ] 192.168.0.72 /2018/dongfeng3/
INFO: [ app_init ] --START--
INFO: Run Behavior\BuildLiteBehavior [ RunTime:0.000000s ]
INFO: [ app_init ] --END-- [ RunTime:0.001000s ]
NOTIC: [2] include(./Common/Conf/config.php): failed to open stream: No such file or directory D:\xampp\htdocs\2018\dongfeng3\Application\Home\Conf\config.php ç¬¬ 7 è¡Œ.
NOTIC: [2] include(): Failed opening './Common/Conf/config.php' for inclusion (include_path='.;D:\xampp\php\PEAR') D:\xampp\htdocs\2018\dongfeng3\Application\Home\Conf\config.php ç¬¬ 7 è¡Œ.
NOTIC: [2] array_merge(): Argument #1 is not an array D:\xampp\htdocs\2018\dongfeng3\Application\Home\Conf\config.php ç¬¬ 7 è¡Œ.
INFO: [ app_begin ] --START--
INFO: Run Behavior\ReadHtmlCacheBehavior [ RunTime:0.002000s ]
INFO: [ app_begin ] --END-- [ RunTime:0.002000s ]
SQL: SHOW COLUMNS FROM `app_name_list` [ RunTime:0.0470s ]
SQL: SELECT `id`,`num`,`imgurl` FROM `app_name_list` WHERE `id` = 0 LIMIT 1   [ RunTime:0.0470s ]
INFO: [ view_parse ] --START--
INFO: [ template_filter ] --START--
INFO: Run Behavior\ContentReplaceBehavior [ RunTime:0.000000s ]
INFO: [ template_filter ] --END-- [ RunTime:0.001000s ]
INFO: Run Behavior\ParseTemplateBehavior [ RunTime:0.014001s ]
INFO: [ view_parse ] --END-- [ RunTime:0.014001s ]
INFO: [ view_filter ] --START--
INFO: Run Behavior\WriteHtmlCacheBehavior [ RunTime:0.001000s ]
INFO: [ view_filter ] --END-- [ RunTime:0.001000s ]
INFO: [ app_end ] --START--
INFO: Run Behavior\ShowPageTraceBehavior [ RunTime:0.001000s ]
INFO: [ app_end ] --END-- [ RunTime:0.001000s ]

[ 2018-04-25T06:50:23+08:00 ] 192.168.0.91 /2018/dongfeng3/?a=openid
INFO: [ app_init ] --START--
INFO: Run Behavior\BuildLiteBehavior [ RunTime:0.000000s ]
INFO: [ app_init ] --END-- [ RunTime:0.000000s ]
NOTIC: [2] include(./Common/Conf/config.php): failed to open stream: No such file or directory D:\xampp\htdocs\2018\dongfeng3\Application\Home\Conf\config.php ç¬¬ 7 è¡Œ.
NOTIC: [2] include(): Failed opening './Common/Conf/config.php' for inclusion (include_path='.;D:\xampp\php\PEAR') D:\xampp\htdocs\2018\dongfeng3\Application\Home\Conf\config.php ç¬¬ 7 è¡Œ.
NOTIC: [2] array_merge(): Argument #1 is not an array D:\xampp\htdocs\2018\dongfeng3\Application\Home\Conf\config.php ç¬¬ 7 è¡Œ.
INFO: [ app_begin ] --START--
INFO: Run Behavior\ReadHtmlCacheBehavior [ RunTime:0.001000s ]
INFO: [ app_begin ] --END-- [ RunTime:0.001000s ]
INFO: [ app_end ] --START--
INFO: Run Behavior\ShowPageTraceBehavior [ RunTime:0.001001s ]
INFO: [ app_end ] --END-- [ RunTime:0.001001s ]

[ 2018-04-25T06:50:25+08:00 ] 192.168.0.91 /2018/dongfeng3/
INFO: [ app_init ] --START--
INFO: Run Behavior\BuildLiteBehavior [ RunTime:0.000000s ]
INFO: [ app_init ] --END-- [ RunTime:0.001000s ]
NOTIC: [2] include(./Common/Conf/config.php): failed to open stream: No such file or directory D:\xampp\htdocs\2018\dongfeng3\Application\Home\Conf\config.php ç¬¬ 7 è¡Œ.
NOTIC: [2] include(): Failed opening './Common/Conf/config.php' for inclusion (include_path='.;D:\xampp\php\PEAR') D:\xampp\htdocs\2018\dongfeng3\Application\Home\Conf\config.php ç¬¬ 7 è¡Œ.
NOTIC: [2] array_merge(): Argument #1 is not an array D:\xampp\htdocs\2018\dongfeng3\Application\Home\Conf\config.php ç¬¬ 7 è¡Œ.
INFO: [ app_begin ] --START--
INFO: Run Behavior\ReadHtmlCacheBehavior [ RunTime:0.002000s ]
INFO: [ app_begin ] --END-- [ RunTime:0.002000s ]
SQL: SHOW COLUMNS FROM `app_name_list` [ RunTime:0.0440s ]
SQL: SELECT `id`,`num`,`imgurl` FROM `app_name_list` WHERE `id` = 0 LIMIT 1   [ RunTime:0.0520s ]
INFO: [ view_parse ] --START--
INFO: [ template_filter ] --START--
INFO: Run Behavior\ContentReplaceBehavior [ RunTime:0.000000s ]
INFO: [ template_filter ] --END-- [ RunTime:0.000000s ]
INFO: Run Behavior\ParseTemplateBehavior [ RunTime:0.013001s ]
INFO: [ view_parse ] --END-- [ RunTime:0.013001s ]
INFO: [ view_filter ] --START--
INFO: Run Behavior\WriteHtmlCacheBehavior [ RunTime:0.001000s ]
INFO: [ view_filter ] --END-- [ RunTime:0.001000s ]
INFO: [ app_end ] --START--
INFO: Run Behavior\ShowPageTraceBehavior [ RunTime:0.001000s ]
INFO: [ app_end ] --END-- [ RunTime:0.001000s ]

[ 2018-04-25T06:51:03+08:00 ] 192.168.0.10 /2018/dongfeng3/
INFO: [ app_init ] --START--
INFO: Run Behavior\BuildLiteBehavior [ RunTime:0.000000s ]
INFO: [ app_init ] --END-- [ RunTime:0.000000s ]
NOTIC: [2] include(./Common/Conf/config.php): failed to open stream: No such file or directory D:\xampp\htdocs\2018\dongfeng3\Application\Home\Conf\config.php ç¬¬ 7 è¡Œ.
NOTIC: [2] include(): Failed opening './Common/Conf/config.php' for inclusion (include_path='.;D:\xampp\php\PEAR') D:\xampp\htdocs\2018\dongfeng3\Application\Home\Conf\config.php ç¬¬ 7 è¡Œ.
NOTIC: [2] array_merge(): Argument #1 is not an array D:\xampp\htdocs\2018\dongfeng3\Application\Home\Conf\config.php ç¬¬ 7 è¡Œ.
INFO: [ app_begin ] --START--
INFO: Run Behavior\ReadHtmlCacheBehavior [ RunTime:0.002000s ]
INFO: [ app_begin ] --END-- [ RunTime:0.002000s ]
SQL: SHOW COLUMNS FROM `app_name_list` [ RunTime:0.0430s ]
SQL: SELECT `id`,`num`,`imgurl` FROM `app_name_list` WHERE `id` = 0 LIMIT 1   [ RunTime:0.0430s ]
INFO: [ view_parse ] --START--
INFO: [ template_filter ] --START--
INFO: Run Behavior\ContentReplaceBehavior [ RunTime:0.000000s ]
INFO: [ template_filter ] --END-- [ RunTime:0.000000s ]
INFO: Run Behavior\ParseTemplateBehavior [ RunTime:0.013000s ]
INFO: [ view_parse ] --END-- [ RunTime:0.013000s ]
INFO: [ view_filter ] --START--
INFO: Run Behavior\WriteHtmlCacheBehavior [ RunTime:0.001000s ]
INFO: [ view_filter ] --END-- [ RunTime:0.001000s ]
INFO: [ app_end ] --START--
INFO: Run Behavior\ShowPageTraceBehavior [ RunTime:0.001001s ]
INFO: [ app_end ] --END-- [ RunTime:0.001001s ]

[ 2018-04-25T06:52:25+08:00 ] 192.168.0.10 /2018/dongfeng3/
INFO: [ app_init ] --START--
INFO: Run Behavior\BuildLiteBehavior [ RunTime:0.000000s ]
INFO: [ app_init ] --END-- [ RunTime:0.001000s ]
NOTIC: [2] include(./Common/Conf/config.php): failed to open stream: No such file or directory D:\xampp\htdocs\2018\dongfeng3\Application\Home\Conf\config.php ç¬¬ 7 è¡Œ.
NOTIC: [2] include(): Failed opening './Common/Conf/config.php' for inclusion (include_path='.;D:\xampp\php\PEAR') D:\xampp\htdocs\2018\dongfeng3\Application\Home\Conf\config.php ç¬¬ 7 è¡Œ.
NOTIC: [2] array_merge(): Argument #1 is not an array D:\xampp\htdocs\2018\dongfeng3\Application\Home\Conf\config.php ç¬¬ 7 è¡Œ.
INFO: [ app_begin ] --START--
INFO: Run Behavior\ReadHtmlCacheBehavior [ RunTime:0.001000s ]
INFO: [ app_begin ] --END-- [ RunTime:0.001000s ]
SQL: SHOW COLUMNS FROM `app_name_list` [ RunTime:0.0530s ]
SQL: SELECT `id`,`num`,`imgurl` FROM `app_name_list` WHERE `id` = 0 LIMIT 1   [ RunTime:0.0500s ]
INFO: [ view_parse ] --START--
INFO: [ template_filter ] --START--
INFO: Run Behavior\ContentReplaceBehavior [ RunTime:0.000000s ]
INFO: [ template_filter ] --END-- [ RunTime:0.001000s ]
INFO: Run Behavior\ParseTemplateBehavior [ RunTime:0.013001s ]
INFO: [ view_parse ] --END-- [ RunTime:0.014001s ]
INFO: [ view_filter ] --START--
INFO: Run Behavior\WriteHtmlCacheBehavior [ RunTime:0.000000s ]
INFO: [ view_filter ] --END-- [ RunTime:0.000000s ]
INFO: [ app_end ] --START--
INFO: Run Behavior\ShowPageTraceBehavior [ RunTime:0.001000s ]
INFO: [ app_end ] --END-- [ RunTime:0.001000s ]

[ 2018-04-25T06:53:06+08:00 ] 192.168.0.10 /2018/dongfeng3/
INFO: [ app_init ] --START--
INFO: Run Behavior\BuildLiteBehavior [ RunTime:0.000000s ]
INFO: [ app_init ] --END-- [ RunTime:0.001000s ]
NOTIC: [2] include(./Common/Conf/config.php): failed to open stream: No such file or directory D:\xampp\htdocs\2018\dongfeng3\Application\Home\Conf\config.php ç¬¬ 7 è¡Œ.
NOTIC: [2] include(): Failed opening './Common/Conf/config.php' for inclusion (include_path='.;D:\xampp\php\PEAR') D:\xampp\htdocs\2018\dongfeng3\Application\Home\Conf\config.php ç¬¬ 7 è¡Œ.
NOTIC: [2] array_merge(): Argument #1 is not an array D:\xampp\htdocs\2018\dongfeng3\Application\Home\Conf\config.php ç¬¬ 7 è¡Œ.
INFO: [ app_begin ] --START--
INFO: Run Behavior\ReadHtmlCacheBehavior [ RunTime:0.001000s ]
INFO: [ app_begin ] --END-- [ RunTime:0.001000s ]
SQL: SHOW COLUMNS FROM `app_name_list` [ RunTime:0.0420s ]
SQL: SELECT `id`,`num`,`imgurl` FROM `app_name_list` WHERE `id` = 0 LIMIT 1   [ RunTime:0.0420s ]
INFO: [ view_parse ] --START--
INFO: [ template_filter ] --START--
INFO: Run Behavior\ContentReplaceBehavior [ RunTime:0.001000s ]
INFO: [ template_filter ] --END-- [ RunTime:0.001000s ]
INFO: Run Behavior\ParseTemplateBehavior [ RunTime:0.013001s ]
INFO: [ view_parse ] --END-- [ RunTime:0.013001s ]
INFO: [ view_filter ] --START--
INFO: Run Behavior\WriteHtmlCacheBehavior [ RunTime:0.001000s ]
INFO: [ view_filter ] --END-- [ RunTime:0.001000s ]
INFO: [ app_end ] --START--
INFO: Run Behavior\ShowPageTraceBehavior [ RunTime:0.001000s ]
INFO: [ app_end ] --END-- [ RunTime:0.001000s ]

[ 2018-04-25T06:53:31+08:00 ] 192.168.0.72 /2018/dongfeng3/
INFO: [ app_init ] --START--
INFO: Run Behavior\BuildLiteBehavior [ RunTime:0.000000s ]
INFO: [ app_init ] --END-- [ RunTime:0.001000s ]
NOTIC: [2] include(./Common/Conf/config.php): failed to open stream: No such file or directory D:\xampp\htdocs\2018\dongfeng3\Application\Home\Conf\config.php ç¬¬ 7 è¡Œ.
NOTIC: [2] include(): Failed opening './Common/Conf/config.php' for inclusion (include_path='.;D:\xampp\php\PEAR') D:\xampp\htdocs\2018\dongfeng3\Application\Home\Conf\config.php ç¬¬ 7 è¡Œ.
NOTIC: [2] array_merge(): Argument #1 is not an array D:\xampp\htdocs\2018\dongfeng3\Application\Home\Conf\config.php ç¬¬ 7 è¡Œ.
INFO: [ app_begin ] --START--
INFO: Run Behavior\ReadHtmlCacheBehavior [ RunTime:0.001000s ]
INFO: [ app_begin ] --END-- [ RunTime:0.001000s ]
SQL: SHOW COLUMNS FROM `app_name_list` [ RunTime:0.0430s ]
SQL: SELECT `id`,`num`,`imgurl` FROM `app_name_list` WHERE `id` = 0 LIMIT 1   [ RunTime:0.0430s ]
INFO: [ view_parse ] --START--
INFO: [ template_filter ] --START--
INFO: Run Behavior\ContentReplaceBehavior [ RunTime:0.000000s ]
INFO: [ template_filter ] --END-- [ RunTime:0.000000s ]
INFO: Run Behavior\ParseTemplateBehavior [ RunTime:0.014001s ]
INFO: [ view_parse ] --END-- [ RunTime:0.015001s ]
INFO: [ view_filter ] --START--
INFO: Run Behavior\WriteHtmlCacheBehavior [ RunTime:0.000000s ]
INFO: [ view_filter ] --END-- [ RunTime:0.001000s ]
INFO: [ app_end ] --START--
INFO: Run Behavior\ShowPageTraceBehavior [ RunTime:0.000000s ]
INFO: [ app_end ] --END-- [ RunTime:0.000000s ]

[ 2018-04-25T06:54:52+08:00 ] 192.168.0.10 /2018/dongfeng3/
INFO: [ app_init ] --START--
INFO: Run Behavior\BuildLiteBehavior [ RunTime:0.000000s ]
INFO: [ app_init ] --END-- [ RunTime:0.001000s ]
NOTIC: [2] include(./Common/Conf/config.php): failed to open stream: No such file or directory D:\xampp\htdocs\2018\dongfeng3\Application\Home\Conf\config.php ç¬¬ 7 è¡Œ.
NOTIC: [2] include(): Failed opening './Common/Conf/config.php' for inclusion (include_path='.;D:\xampp\php\PEAR') D:\xampp\htdocs\2018\dongfeng3\Application\Home\Conf\config.php ç¬¬ 7 è¡Œ.
NOTIC: [2] array_merge(): Argument #1 is not an array D:\xampp\htdocs\2018\dongfeng3\Application\Home\Conf\config.php ç¬¬ 7 è¡Œ.
INFO: [ app_begin ] --START--
INFO: Run Behavior\ReadHtmlCacheBehavior [ RunTime:0.002000s ]
INFO: [ app_begin ] --END-- [ RunTime:0.002000s ]
SQL: SHOW COLUMNS FROM `app_name_list` [ RunTime:0.0460s ]
SQL: SELECT `id`,`num`,`imgurl` FROM `app_name_list` WHERE `id` = 0 LIMIT 1   [ RunTime:0.0460s ]
INFO: [ view_parse ] --START--
INFO: [ template_filter ] --START--
INFO: Run Behavior\ContentReplaceBehavior [ RunTime:0.000000s ]
INFO: [ template_filter ] --END-- [ RunTime:0.000000s ]
INFO: Run Behavior\ParseTemplateBehavior [ RunTime:0.013000s ]
INFO: [ view_parse ] --END-- [ RunTime:0.013000s ]
INFO: [ view_filter ] --START--
INFO: Run Behavior\WriteHtmlCacheBehavior [ RunTime:0.001000s ]
INFO: [ view_filter ] --END-- [ RunTime:0.001000s ]
INFO: [ app_end ] --START--
INFO: Run Behavior\ShowPageTraceBehavior [ RunTime:0.001000s ]
INFO: [ app_end ] --END-- [ RunTime:0.001000s ]

[ 2018-04-25T06:55:35+08:00 ] 192.168.0.10 /2018/dongfeng3/
INFO: [ app_init ] --START--
INFO: Run Behavior\BuildLiteBehavior [ RunTime:0.000000s ]
INFO: [ app_init ] --END-- [ RunTime:0.001000s ]
NOTIC: [2] include(./Common/Conf/config.php): failed to open stream: No such file or directory D:\xampp\htdocs\2018\dongfeng3\Application\Home\Conf\config.php ç¬¬ 7 è¡Œ.
NOTIC: [2] include(): Failed opening './Common/Conf/config.php' for inclusion (include_path='.;D:\xampp\php\PEAR') D:\xampp\htdocs\2018\dongfeng3\Application\Home\Conf\config.php ç¬¬ 7 è¡Œ.
NOTIC: [2] array_merge(): Argument #1 is not an array D:\xampp\htdocs\2018\dongfeng3\Application\Home\Conf\config.php ç¬¬ 7 è¡Œ.
INFO: [ app_begin ] --START--
INFO: Run Behavior\ReadHtmlCacheBehavior [ RunTime:0.001000s ]
INFO: [ app_begin ] --END-- [ RunTime:0.001000s ]
SQL: SHOW COLUMNS FROM `app_name_list` [ RunTime:0.0480s ]
SQL: SELECT `id`,`num`,`imgurl` FROM `app_name_list` WHERE `id` = 0 LIMIT 1   [ RunTime:0.0480s ]
INFO: [ view_parse ] --START--
INFO: [ template_filter ] --START--
INFO: Run Behavior\ContentReplaceBehavior [ RunTime:0.000000s ]
INFO: [ template_filter ] --END-- [ RunTime:0.000000s ]
INFO: Run Behavior\ParseTemplateBehavior [ RunTime:0.012001s ]
INFO: [ view_parse ] --END-- [ RunTime:0.013001s ]
INFO: [ view_filter ] --START--
INFO: Run Behavior\WriteHtmlCacheBehavior [ RunTime:0.001000s ]
INFO: [ view_filter ] --END-- [ RunTime:0.001000s ]
INFO: [ app_end ] --START--
INFO: Run Behavior\ShowPageTraceBehavior [ RunTime:0.001000s ]
INFO: [ app_end ] --END-- [ RunTime:0.001000s ]

[ 2018-04-25T06:56:30+08:00 ] 192.168.0.10 /2018/dongfeng3/
INFO: [ app_init ] --START--
INFO: Run Behavior\BuildLiteBehavior [ RunTime:0.000000s ]
INFO: [ app_init ] --END-- [ RunTime:0.001000s ]
NOTIC: [2] include(./Common/Conf/config.php): failed to open stream: No such file or directory D:\xampp\htdocs\2018\dongfeng3\Application\Home\Conf\config.php ç¬¬ 7 è¡Œ.
NOTIC: [2] include(): Failed opening './Common/Conf/config.php' for inclusion (include_path='.;D:\xampp\php\PEAR') D:\xampp\htdocs\2018\dongfeng3\Application\Home\Conf\config.php ç¬¬ 7 è¡Œ.
NOTIC: [2] array_merge(): Argument #1 is not an array D:\xampp\htdocs\2018\dongfeng3\Application\Home\Conf\config.php ç¬¬ 7 è¡Œ.
INFO: [ app_begin ] --START--
INFO: Run Behavior\ReadHtmlCacheBehavior [ RunTime:0.001000s ]
INFO: [ app_begin ] --END-- [ RunTime:0.001000s ]
SQL: SHOW COLUMNS FROM `app_name_list` [ RunTime:0.0490s ]
SQL: SELECT `id`,`num`,`imgurl` FROM `app_name_list` WHERE `id` = 0 LIMIT 1   [ RunTime:0.0490s ]
INFO: [ view_parse ] --START--
INFO: [ template_filter ] --START--
INFO: Run Behavior\ContentReplaceBehavior [ RunTime:0.000000s ]
INFO: [ template_filter ] --END-- [ RunTime:0.000000s ]
INFO: Run Behavior\ParseTemplateBehavior [ RunTime:0.013000s ]
INFO: [ view_parse ] --END-- [ RunTime:0.013000s ]
INFO: [ view_filter ] --START--
INFO: Run Behavior\WriteHtmlCacheBehavior [ RunTime:0.001000s ]
INFO: [ view_filter ] --END-- [ RunTime:0.001000s ]
INFO: [ app_end ] --START--
INFO: Run Behavior\ShowPageTraceBehavior [ RunTime:0.001001s ]
INFO: [ app_end ] --END-- [ RunTime:0.001001s ]

[ 2018-04-25T06:56:52+08:00 ] 192.168.0.10 /2018/dongfeng3/
INFO: [ app_init ] --START--
INFO: Run Behavior\BuildLiteBehavior [ RunTime:0.000000s ]
INFO: [ app_init ] --END-- [ RunTime:0.000000s ]
NOTIC: [2] include(./Common/Conf/config.php): failed to open stream: No such file or directory D:\xampp\htdocs\2018\dongfeng3\Application\Home\Conf\config.php ç¬¬ 7 è¡Œ.
NOTIC: [2] include(): Failed opening './Common/Conf/config.php' for inclusion (include_path='.;D:\xampp\php\PEAR') D:\xampp\htdocs\2018\dongfeng3\Application\Home\Conf\config.php ç¬¬ 7 è¡Œ.
NOTIC: [2] array_merge(): Argument #1 is not an array D:\xampp\htdocs\2018\dongfeng3\Application\Home\Conf\config.php ç¬¬ 7 è¡Œ.
INFO: [ app_begin ] --START--
INFO: Run Behavior\ReadHtmlCacheBehavior [ RunTime:0.001000s ]
INFO: [ app_begin ] --END-- [ RunTime:0.001000s ]
SQL: SHOW COLUMNS FROM `app_name_list` [ RunTime:0.0470s ]
SQL: SELECT `id`,`num`,`imgurl` FROM `app_name_list` WHERE `id` = 0 LIMIT 1   [ RunTime:0.0510s ]
INFO: [ view_parse ] --START--
INFO: [ template_filter ] --START--
INFO: Run Behavior\ContentReplaceBehavior [ RunTime:0.001000s ]
INFO: [ template_filter ] --END-- [ RunTime:0.001000s ]
INFO: Run Behavior\ParseTemplateBehavior [ RunTime:0.011001s ]
INFO: [ view_parse ] --END-- [ RunTime:0.012001s ]
INFO: [ view_filter ] --START--
INFO: Run Behavior\WriteHtmlCacheBehavior [ RunTime:0.000000s ]
INFO: [ view_filter ] --END-- [ RunTime:0.000000s ]
INFO: [ app_end ] --START--
INFO: Run Behavior\ShowPageTraceBehavior [ RunTime:0.000000s ]
INFO: [ app_end ] --END-- [ RunTime:0.000000s ]

[ 2018-04-25T06:57:17+08:00 ] 192.168.0.10 /2018/dongfeng3/
INFO: [ app_init ] --START--
INFO: Run Behavior\BuildLiteBehavior [ RunTime:0.001000s ]
INFO: [ app_init ] --END-- [ RunTime:0.001000s ]
NOTIC: [2] include(./Common/Conf/config.php): failed to open stream: No such file or directory D:\xampp\htdocs\2018\dongfeng3\Application\Home\Conf\config.php ç¬¬ 7 è¡Œ.
NOTIC: [2] include(): Failed opening './Common/Conf/config.php' for inclusion (include_path='.;D:\xampp\php\PEAR') D:\xampp\htdocs\2018\dongfeng3\Application\Home\Conf\config.php ç¬¬ 7 è¡Œ.
NOTIC: [2] array_merge(): Argument #1 is not an array D:\xampp\htdocs\2018\dongfeng3\Application\Home\Conf\config.php ç¬¬ 7 è¡Œ.
INFO: [ app_begin ] --START--
INFO: Run Behavior\ReadHtmlCacheBehavior [ RunTime:0.001000s ]
INFO: [ app_begin ] --END-- [ RunTime:0.001000s ]
SQL: SHOW COLUMNS FROM `app_name_list` [ RunTime:0.0500s ]
SQL: SELECT `id`,`num`,`imgurl` FROM `app_name_list` WHERE `id` = 0 LIMIT 1   [ RunTime:0.0500s ]
INFO: [ view_parse ] --START--
INFO: [ template_filter ] --START--
INFO: Run Behavior\ContentReplaceBehavior [ RunTime:0.001000s ]
INFO: [ template_filter ] --END-- [ RunTime:0.001000s ]
INFO: Run Behavior\ParseTemplateBehavior [ RunTime:0.013001s ]
INFO: [ view_parse ] --END-- [ RunTime:0.013001s ]
INFO: [ view_filter ] --START--
INFO: Run Behavior\WriteHtmlCacheBehavior [ RunTime:0.001000s ]
INFO: [ view_filter ] --END-- [ RunTime:0.001000s ]
INFO: [ app_end ] --START--
INFO: Run Behavior\ShowPageTraceBehavior [ RunTime:0.002000s ]
INFO: [ app_end ] --END-- [ RunTime:0.002000s ]

[ 2018-04-25T06:57:40+08:00 ] 192.168.0.10 /2018/dongfeng3/
INFO: [ app_init ] --START--
INFO: Run Behavior\BuildLiteBehavior [ RunTime:0.000000s ]
INFO: [ app_init ] --END-- [ RunTime:0.001000s ]
NOTIC: [2] include(./Common/Conf/config.php): failed to open stream: No such file or directory D:\xampp\htdocs\2018\dongfeng3\Application\Home\Conf\config.php ç¬¬ 7 è¡Œ.
NOTIC: [2] include(): Failed opening './Common/Conf/config.php' for inclusion (include_path='.;D:\xampp\php\PEAR') D:\xampp\htdocs\2018\dongfeng3\Application\Home\Conf\config.php ç¬¬ 7 è¡Œ.
NOTIC: [2] array_merge(): Argument #1 is not an array D:\xampp\htdocs\2018\dongfeng3\Application\Home\Conf\config.php ç¬¬ 7 è¡Œ.
INFO: [ app_begin ] --START--
INFO: Run Behavior\ReadHtmlCacheBehavior [ RunTime:0.001000s ]
INFO: [ app_begin ] --END-- [ RunTime:0.001000s ]
SQL: SHOW COLUMNS FROM `app_name_list` [ RunTime:0.0440s ]
SQL: SELECT `id`,`num`,`imgurl` FROM `app_name_list` WHERE `id` = 0 LIMIT 1   [ RunTime:0.0420s ]
INFO: [ view_parse ] --START--
INFO: [ template_filter ] --START--
INFO: Run Behavior\ContentReplaceBehavior [ RunTime:0.000000s ]
INFO: [ template_filter ] --END-- [ RunTime:0.000000s ]
INFO: Run Behavior\ParseTemplateBehavior [ RunTime:0.012000s ]
INFO: [ view_parse ] --END-- [ RunTime:0.012000s ]
INFO: [ view_filter ] --START--
INFO: Run Behavior\WriteHtmlCacheBehavior [ RunTime:0.001000s ]
INFO: [ view_filter ] --END-- [ RunTime:0.001000s ]
INFO: [ app_end ] --START--
INFO: Run Behavior\ShowPageTraceBehavior [ RunTime:0.001000s ]
INFO: [ app_end ] --END-- [ RunTime:0.001000s ]

[ 2018-04-25T06:57:45+08:00 ] 192.168.0.10 /2018/dongfeng3/?a=ranking
INFO: [ app_init ] --START--
INFO: Run Behavior\BuildLiteBehavior [ RunTime:0.000000s ]
INFO: [ app_init ] --END-- [ RunTime:0.001000s ]
NOTIC: [2] include(./Common/Conf/config.php): failed to open stream: No such file or directory D:\xampp\htdocs\2018\dongfeng3\Application\Home\Conf\config.php ç¬¬ 7 è¡Œ.
NOTIC: [2] include(): Failed opening './Common/Conf/config.php' for inclusion (include_path='.;D:\xampp\php\PEAR') D:\xampp\htdocs\2018\dongfeng3\Application\Home\Conf\config.php ç¬¬ 7 è¡Œ.
NOTIC: [2] array_merge(): Argument #1 is not an array D:\xampp\htdocs\2018\dongfeng3\Application\Home\Conf\config.php ç¬¬ 7 è¡Œ.
INFO: [ app_begin ] --START--
INFO: Run Behavior\ReadHtmlCacheBehavior [ RunTime:0.001000s ]
INFO: [ app_begin ] --END-- [ RunTime:0.001000s ]
SQL: SHOW COLUMNS FROM `app_name_list` [ RunTime:0.0480s ]
SQL: SELECT `id`,`num`,`uid`,`imgurl` FROM `app_name_list` ORDER BY num desc,id asc LIMIT 10   [ RunTime:0.0480s ]

[ 2018-04-25T06:59:06+08:00 ] 192.168.0.10 /2018/dongfeng3/?a=smallImg
INFO: [ app_init ] --START--
INFO: Run Behavior\BuildLiteBehavior [ RunTime:0.000000s ]
INFO: [ app_init ] --END-- [ RunTime:0.000000s ]
NOTIC: [2] include(./Common/Conf/config.php): failed to open stream: No such file or directory D:\xampp\htdocs\2018\dongfeng3\Application\Home\Conf\config.php ç¬¬ 7 è¡Œ.
NOTIC: [2] include(): Failed opening './Common/Conf/config.php' for inclusion (include_path='.;D:\xampp\php\PEAR') D:\xampp\htdocs\2018\dongfeng3\Application\Home\Conf\config.php ç¬¬ 7 è¡Œ.
NOTIC: [2] array_merge(): Argument #1 is not an array D:\xampp\htdocs\2018\dongfeng3\Application\Home\Conf\config.php ç¬¬ 7 è¡Œ.
INFO: [ app_begin ] --START--
INFO: Run Behavior\ReadHtmlCacheBehavior [ RunTime:0.001000s ]
INFO: [ app_begin ] --END-- [ RunTime:0.001000s ]
SQL: SHOW COLUMNS FROM `app_name_list` [ RunTime:0.0460s ]
SQL: SELECT COUNT(*) AS tp_count FROM `app_name_list` WHERE `uid` = 'è¿™' LIMIT 1   [ RunTime:0.0460s ]
SQL: INSERT INTO `app_name_list` (`openid`,`uid`,`tel`,`imgurl`,`add_time`,`ip`) VALUES ('789789','è¿™','18666967132','15246107453566.jpeg','2018-04-25 06:59:05','192.168.0.10') [ RunTime:0.2500s ]

[ 2018-04-25T06:59:16+08:00 ] 192.168.0.10 /2018/dongfeng3/
INFO: [ app_init ] --START--
INFO: Run Behavior\BuildLiteBehavior [ RunTime:0.000000s ]
INFO: [ app_init ] --END-- [ RunTime:0.000000s ]
NOTIC: [2] include(./Common/Conf/config.php): failed to open stream: No such file or directory D:\xampp\htdocs\2018\dongfeng3\Application\Home\Conf\config.php ç¬¬ 7 è¡Œ.
NOTIC: [2] include(): Failed opening './Common/Conf/config.php' for inclusion (include_path='.;D:\xampp\php\PEAR') D:\xampp\htdocs\2018\dongfeng3\Application\Home\Conf\config.php ç¬¬ 7 è¡Œ.
NOTIC: [2] array_merge(): Argument #1 is not an array D:\xampp\htdocs\2018\dongfeng3\Application\Home\Conf\config.php ç¬¬ 7 è¡Œ.
INFO: [ app_begin ] --START--
INFO: Run Behavior\ReadHtmlCacheBehavior [ RunTime:0.001000s ]
INFO: [ app_begin ] --END-- [ RunTime:0.001000s ]
SQL: SHOW COLUMNS FROM `app_name_list` [ RunTime:0.0460s ]
SQL: SELECT `id`,`num`,`imgurl` FROM `app_name_list` WHERE `id` = 0 LIMIT 1   [ RunTime:0.0470s ]
INFO: [ view_parse ] --START--
INFO: [ template_filter ] --START--
INFO: Run Behavior\ContentReplaceBehavior [ RunTime:0.000000s ]
INFO: [ template_filter ] --END-- [ RunTime:0.000000s ]
INFO: Run Behavior\ParseTemplateBehavior [ RunTime:0.012001s ]
INFO: [ view_parse ] --END-- [ RunTime:0.012001s ]
INFO: [ view_filter ] --START--
INFO: Run Behavior\WriteHtmlCacheBehavior [ RunTime:0.001000s ]
INFO: [ view_filter ] --END-- [ RunTime:0.001000s ]
INFO: [ app_end ] --START--
INFO: Run Behavior\ShowPageTraceBehavior [ RunTime:0.001000s ]
INFO: [ app_end ] --END-- [ RunTime:0.001000s ]

[ 2018-04-25T06:59:38+08:00 ] 192.168.0.10 /2018/dongfeng3/?a=smallImg
INFO: [ app_init ] --START--
INFO: Run Behavior\BuildLiteBehavior [ RunTime:0.000000s ]
INFO: [ app_init ] --END-- [ RunTime:0.000000s ]
NOTIC: [2] include(./Common/Conf/config.php): failed to open stream: No such file or directory D:\xampp\htdocs\2018\dongfeng3\Application\Home\Conf\config.php ç¬¬ 7 è¡Œ.
NOTIC: [2] include(): Failed opening './Common/Conf/config.php' for inclusion (include_path='.;D:\xampp\php\PEAR') D:\xampp\htdocs\2018\dongfeng3\Application\Home\Conf\config.php ç¬¬ 7 è¡Œ.
NOTIC: [2] array_merge(): Argument #1 is not an array D:\xampp\htdocs\2018\dongfeng3\Application\Home\Conf\config.php ç¬¬ 7 è¡Œ.
INFO: [ app_begin ] --START--
INFO: Run Behavior\ReadHtmlCacheBehavior [ RunTime:0.001000s ]
INFO: [ app_begin ] --END-- [ RunTime:0.001000s ]
SQL: SHOW COLUMNS FROM `app_name_list` [ RunTime:0.2930s ]
SQL: SELECT COUNT(*) AS tp_count FROM `app_name_list` WHERE `uid` = 'ä¸è¿‡' LIMIT 1   [ RunTime:0.0470s ]
SQL: INSERT INTO `app_name_list` (`openid`,`uid`,`tel`,`imgurl`,`add_time`,`ip`) VALUES ('789789','ä¸è¿‡','18666967132','15246107789547.jpeg','2018-04-25 06:59:38','192.168.0.10') [ RunTime:0.0470s ]

[ 2018-04-25T06:59:43+08:00 ] 192.168.0.10 /2018/dongfeng3/
INFO: [ app_init ] --START--
INFO: Run Behavior\BuildLiteBehavior [ RunTime:0.000000s ]
INFO: [ app_init ] --END-- [ RunTime:0.001000s ]
NOTIC: [2] include(./Common/Conf/config.php): failed to open stream: No such file or directory D:\xampp\htdocs\2018\dongfeng3\Application\Home\Conf\config.php ç¬¬ 7 è¡Œ.
NOTIC: [2] include(): Failed opening './Common/Conf/config.php' for inclusion (include_path='.;D:\xampp\php\PEAR') D:\xampp\htdocs\2018\dongfeng3\Application\Home\Conf\config.php ç¬¬ 7 è¡Œ.
NOTIC: [2] array_merge(): Argument #1 is not an array D:\xampp\htdocs\2018\dongfeng3\Application\Home\Conf\config.php ç¬¬ 7 è¡Œ.
INFO: [ app_begin ] --START--
INFO: Run Behavior\ReadHtmlCacheBehavior [ RunTime:0.001000s ]
INFO: [ app_begin ] --END-- [ RunTime:0.001000s ]
SQL: SHOW COLUMNS FROM `app_name_list` [ RunTime:0.0450s ]
SQL: SELECT `id`,`num`,`imgurl` FROM `app_name_list` WHERE `id` = 0 LIMIT 1   [ RunTime:0.0450s ]
INFO: [ view_parse ] --START--
INFO: [ template_filter ] --START--
INFO: Run Behavior\ContentReplaceBehavior [ RunTime:0.000000s ]
INFO: [ template_filter ] --END-- [ RunTime:0.000000s ]
INFO: Run Behavior\ParseTemplateBehavior [ RunTime:0.012001s ]
INFO: [ view_parse ] --END-- [ RunTime:0.012001s ]
INFO: [ view_filter ] --START--
INFO: Run Behavior\WriteHtmlCacheBehavior [ RunTime:0.001000s ]
INFO: [ view_filter ] --END-- [ RunTime:0.001000s ]
INFO: [ app_end ] --START--
INFO: Run Behavior\ShowPageTraceBehavior [ RunTime:0.001000s ]
INFO: [ app_end ] --END-- [ RunTime:0.001000s ]

[ 2018-04-25T07:00:04+08:00 ] 192.168.0.10 /2018/dongfeng3/?a=smallImg
INFO: [ app_init ] --START--
INFO: Run Behavior\BuildLiteBehavior [ RunTime:0.000000s ]
INFO: [ app_init ] --END-- [ RunTime:0.001000s ]
NOTIC: [2] include(./Common/Conf/config.php): failed to open stream: No such file or directory D:\xampp\htdocs\2018\dongfeng3\Application\Home\Conf\config.php ç¬¬ 7 è¡Œ.
NOTIC: [2] include(): Failed opening './Common/Conf/config.php' for inclusion (include_path='.;D:\xampp\php\PEAR') D:\xampp\htdocs\2018\dongfeng3\Application\Home\Conf\config.php ç¬¬ 7 è¡Œ.
NOTIC: [2] array_merge(): Argument #1 is not an array D:\xampp\htdocs\2018\dongfeng3\Application\Home\Conf\config.php ç¬¬ 7 è¡Œ.
INFO: [ app_begin ] --START--
INFO: Run Behavior\ReadHtmlCacheBehavior [ RunTime:0.001000s ]
INFO: [ app_begin ] --END-- [ RunTime:0.001000s ]
SQL: SHOW COLUMNS FROM `app_name_list` [ RunTime:0.0440s ]
SQL: SELECT COUNT(*) AS tp_count FROM `app_name_list` WHERE `uid` = 'è¿™' LIMIT 1   [ RunTime:0.0440s ]

[ 2018-04-25T07:00:10+08:00 ] 192.168.0.10 /2018/dongfeng3/?a=smallImg
INFO: [ app_init ] --START--
INFO: Run Behavior\BuildLiteBehavior [ RunTime:0.000000s ]
INFO: [ app_init ] --END-- [ RunTime:0.001000s ]
NOTIC: [2] include(./Common/Conf/config.php): failed to open stream: No such file or directory D:\xampp\htdocs\2018\dongfeng3\Application\Home\Conf\config.php ç¬¬ 7 è¡Œ.
NOTIC: [2] include(): Failed opening './Common/Conf/config.php' for inclusion (include_path='.;D:\xampp\php\PEAR') D:\xampp\htdocs\2018\dongfeng3\Application\Home\Conf\config.php ç¬¬ 7 è¡Œ.
NOTIC: [2] array_merge(): Argument #1 is not an array D:\xampp\htdocs\2018\dongfeng3\Application\Home\Conf\config.php ç¬¬ 7 è¡Œ.
INFO: [ app_begin ] --START--
INFO: Run Behavior\ReadHtmlCacheBehavior [ RunTime:0.001000s ]
INFO: [ app_begin ] --END-- [ RunTime:0.001000s ]
SQL: SHOW COLUMNS FROM `app_name_list` [ RunTime:0.0440s ]
SQL: SELECT COUNT(*) AS tp_count FROM `app_name_list` WHERE `uid` = 'è¿™äº›' LIMIT 1   [ RunTime:0.0450s ]
SQL: INSERT INTO `app_name_list` (`openid`,`uid`,`tel`,`imgurl`,`add_time`,`ip`) VALUES ('789789','è¿™äº›','18666967132','15246108094954.jpeg','2018-04-25 07:00:09','192.168.0.10') [ RunTime:0.0440s ]

[ 2018-04-25T07:00:13+08:00 ] 192.168.0.10 /2018/dongfeng3/
INFO: [ app_init ] --START--
INFO: Run Behavior\BuildLiteBehavior [ RunTime:0.000000s ]
INFO: [ app_init ] --END-- [ RunTime:0.000000s ]
NOTIC: [2] include(./Common/Conf/config.php): failed to open stream: No such file or directory D:\xampp\htdocs\2018\dongfeng3\Application\Home\Conf\config.php ç¬¬ 7 è¡Œ.
NOTIC: [2] include(): Failed opening './Common/Conf/config.php' for inclusion (include_path='.;D:\xampp\php\PEAR') D:\xampp\htdocs\2018\dongfeng3\Application\Home\Conf\config.php ç¬¬ 7 è¡Œ.
NOTIC: [2] array_merge(): Argument #1 is not an array D:\xampp\htdocs\2018\dongfeng3\Application\Home\Conf\config.php ç¬¬ 7 è¡Œ.
INFO: [ app_begin ] --START--
INFO: Run Behavior\ReadHtmlCacheBehavior [ RunTime:0.001000s ]
INFO: [ app_begin ] --END-- [ RunTime:0.001000s ]
SQL: SHOW COLUMNS FROM `app_name_list` [ RunTime:0.0430s ]
SQL: SELECT `id`,`num`,`imgurl` FROM `app_name_list` WHERE `id` = 0 LIMIT 1   [ RunTime:0.0430s ]
INFO: [ view_parse ] --START--
INFO: [ template_filter ] --START--
INFO: Run Behavior\ContentReplaceBehavior [ RunTime:0.001000s ]
INFO: [ template_filter ] --END-- [ RunTime:0.001000s ]
INFO: Run Behavior\ParseTemplateBehavior [ RunTime:0.014001s ]
INFO: [ view_parse ] --END-- [ RunTime:0.014001s ]
INFO: [ view_filter ] --START--
INFO: Run Behavior\WriteHtmlCacheBehavior [ RunTime:0.001000s ]
INFO: [ view_filter ] --END-- [ RunTime:0.001000s ]
INFO: [ app_end ] --START--
INFO: Run Behavior\ShowPageTraceBehavior [ RunTime:0.001000s ]
INFO: [ app_end ] --END-- [ RunTime:0.001000s ]

[ 2018-04-25T07:00:35+08:00 ] 192.168.0.10 /2018/dongfeng3/?a=smallImg
INFO: [ app_init ] --START--
INFO: Run Behavior\BuildLiteBehavior [ RunTime:0.000000s ]
INFO: [ app_init ] --END-- [ RunTime:0.000000s ]
NOTIC: [2] include(./Common/Conf/config.php): failed to open stream: No such file or directory D:\xampp\htdocs\2018\dongfeng3\Application\Home\Conf\config.php ç¬¬ 7 è¡Œ.
NOTIC: [2] include(): Failed opening './Common/Conf/config.php' for inclusion (include_path='.;D:\xampp\php\PEAR') D:\xampp\htdocs\2018\dongfeng3\Application\Home\Conf\config.php ç¬¬ 7 è¡Œ.
NOTIC: [2] array_merge(): Argument #1 is not an array D:\xampp\htdocs\2018\dongfeng3\Application\Home\Conf\config.php ç¬¬ 7 è¡Œ.
INFO: [ app_begin ] --START--
INFO: Run Behavior\ReadHtmlCacheBehavior [ RunTime:0.001000s ]
INFO: [ app_begin ] --END-- [ RunTime:0.001000s ]
SQL: SHOW COLUMNS FROM `app_name_list` [ RunTime:0.0460s ]
SQL: SELECT COUNT(*) AS tp_count FROM `app_name_list` WHERE `uid` = 'æ˜¯å•Š' LIMIT 1   [ RunTime:0.0460s ]
SQL: INSERT INTO `app_name_list` (`openid`,`uid`,`tel`,`imgurl`,`add_time`,`ip`) VALUES ('789789','æ˜¯å•Š','18666967132','15246108355152.jpeg','2018-04-25 07:00:35','192.168.0.10') [ RunTime:0.0460s ]

[ 2018-04-25T07:00:38+08:00 ] 192.168.0.10 /2018/dongfeng3/?a=ranking
INFO: [ app_init ] --START--
INFO: Run Behavior\BuildLiteBehavior [ RunTime:0.000000s ]
INFO: [ app_init ] --END-- [ RunTime:0.000000s ]
NOTIC: [2] include(./Common/Conf/config.php): failed to open stream: No such file or directory D:\xampp\htdocs\2018\dongfeng3\Application\Home\Conf\config.php ç¬¬ 7 è¡Œ.
NOTIC: [2] include(): Failed opening './Common/Conf/config.php' for inclusion (include_path='.;D:\xampp\php\PEAR') D:\xampp\htdocs\2018\dongfeng3\Application\Home\Conf\config.php ç¬¬ 7 è¡Œ.
NOTIC: [2] array_merge(): Argument #1 is not an array D:\xampp\htdocs\2018\dongfeng3\Application\Home\Conf\config.php ç¬¬ 7 è¡Œ.
INFO: [ app_begin ] --START--
INFO: Run Behavior\ReadHtmlCacheBehavior [ RunTime:0.001000s ]
INFO: [ app_begin ] --END-- [ RunTime:0.001000s ]
SQL: SHOW COLUMNS FROM `app_name_list` [ RunTime:0.0470s ]
SQL: SELECT `id`,`num`,`uid`,`imgurl` FROM `app_name_list` ORDER BY num desc,id asc LIMIT 10   [ RunTime:0.0450s ]

[ 2018-04-25T07:00:40+08:00 ] 192.168.0.10 /2018/dongfeng3/?a=ranking
INFO: [ app_init ] --START--
INFO: Run Behavior\BuildLiteBehavior [ RunTime:0.000000s ]
INFO: [ app_init ] --END-- [ RunTime:0.001000s ]
NOTIC: [2] include(./Common/Conf/config.php): failed to open stream: No such file or directory D:\xampp\htdocs\2018\dongfeng3\Application\Home\Conf\config.php ç¬¬ 7 è¡Œ.
NOTIC: [2] include(): Failed opening './Common/Conf/config.php' for inclusion (include_path='.;D:\xampp\php\PEAR') D:\xampp\htdocs\2018\dongfeng3\Application\Home\Conf\config.php ç¬¬ 7 è¡Œ.
NOTIC: [2] array_merge(): Argument #1 is not an array D:\xampp\htdocs\2018\dongfeng3\Application\Home\Conf\config.php ç¬¬ 7 è¡Œ.
INFO: [ app_begin ] --START--
INFO: Run Behavior\ReadHtmlCacheBehavior [ RunTime:0.001000s ]
INFO: [ app_begin ] --END-- [ RunTime:0.001000s ]
SQL: SHOW COLUMNS FROM `app_name_list` [ RunTime:0.0470s ]
SQL: SELECT `id`,`num`,`uid`,`imgurl` FROM `app_name_list` ORDER BY num desc,id asc LIMIT 4,10   [ RunTime:0.0470s ]

[ 2018-04-25T07:00:45+08:00 ] 192.168.0.10 /2018/dongfeng3/
INFO: [ app_init ] --START--
INFO: Run Behavior\BuildLiteBehavior [ RunTime:0.000000s ]
INFO: [ app_init ] --END-- [ RunTime:0.001000s ]
NOTIC: [2] include(./Common/Conf/config.php): failed to open stream: No such file or directory D:\xampp\htdocs\2018\dongfeng3\Application\Home\Conf\config.php ç¬¬ 7 è¡Œ.
NOTIC: [2] include(): Failed opening './Common/Conf/config.php' for inclusion (include_path='.;D:\xampp\php\PEAR') D:\xampp\htdocs\2018\dongfeng3\Application\Home\Conf\config.php ç¬¬ 7 è¡Œ.
NOTIC: [2] array_merge(): Argument #1 is not an array D:\xampp\htdocs\2018\dongfeng3\Application\Home\Conf\config.php ç¬¬ 7 è¡Œ.
INFO: [ app_begin ] --START--
INFO: Run Behavior\ReadHtmlCacheBehavior [ RunTime:0.001000s ]
INFO: [ app_begin ] --END-- [ RunTime:0.001000s ]
SQL: SHOW COLUMNS FROM `app_name_list` [ RunTime:0.0480s ]
SQL: SELECT `id`,`num`,`imgurl` FROM `app_name_list` WHERE `id` = 0 LIMIT 1   [ RunTime:0.0460s ]
INFO: [ view_parse ] --START--
INFO: [ template_filter ] --START--
INFO: Run Behavior\ContentReplaceBehavior [ RunTime:0.001000s ]
INFO: [ template_filter ] --END-- [ RunTime:0.001000s ]
INFO: Run Behavior\ParseTemplateBehavior [ RunTime:0.014001s ]
INFO: [ view_parse ] --END-- [ RunTime:0.014001s ]
INFO: [ view_filter ] --START--
INFO: Run Behavior\WriteHtmlCacheBehavior [ RunTime:0.001000s ]
INFO: [ view_filter ] --END-- [ RunTime:0.001000s ]
INFO: [ app_end ] --START--
INFO: Run Behavior\ShowPageTraceBehavior [ RunTime:0.001000s ]
INFO: [ app_end ] --END-- [ RunTime:0.001000s ]

[ 2018-04-25T07:01:07+08:00 ] 192.168.0.10 /2018/dongfeng3/?a=smallImg
INFO: [ app_init ] --START--
INFO: Run Behavior\BuildLiteBehavior [ RunTime:0.000000s ]
INFO: [ app_init ] --END-- [ RunTime:0.001000s ]
NOTIC: [2] include(./Common/Conf/config.php): failed to open stream: No such file or directory D:\xampp\htdocs\2018\dongfeng3\Application\Home\Conf\config.php ç¬¬ 7 è¡Œ.
NOTIC: [2] include(): Failed opening './Common/Conf/config.php' for inclusion (include_path='.;D:\xampp\php\PEAR') D:\xampp\htdocs\2018\dongfeng3\Application\Home\Conf\config.php ç¬¬ 7 è¡Œ.
NOTIC: [2] array_merge(): Argument #1 is not an array D:\xampp\htdocs\2018\dongfeng3\Application\Home\Conf\config.php ç¬¬ 7 è¡Œ.
INFO: [ app_begin ] --START--
INFO: Run Behavior\ReadHtmlCacheBehavior [ RunTime:0.001001s ]
INFO: [ app_begin ] --END-- [ RunTime:0.002001s ]
SQL: SHOW COLUMNS FROM `app_name_list` [ RunTime:0.0440s ]
SQL: SELECT COUNT(*) AS tp_count FROM `app_name_list` WHERE `uid` = 'è¿™' LIMIT 1   [ RunTime:0.0430s ]

[ 2018-04-25T07:01:12+08:00 ] 192.168.0.10 /2018/dongfeng3/?a=smallImg
INFO: [ app_init ] --START--
INFO: Run Behavior\BuildLiteBehavior [ RunTime:0.000000s ]
INFO: [ app_init ] --END-- [ RunTime:0.001000s ]
NOTIC: [2] include(./Common/Conf/config.php): failed to open stream: No such file or directory D:\xampp\htdocs\2018\dongfeng3\Application\Home\Conf\config.php ç¬¬ 7 è¡Œ.
NOTIC: [2] include(): Failed opening './Common/Conf/config.php' for inclusion (include_path='.;D:\xampp\php\PEAR') D:\xampp\htdocs\2018\dongfeng3\Application\Home\Conf\config.php ç¬¬ 7 è¡Œ.
NOTIC: [2] array_merge(): Argument #1 is not an array D:\xampp\htdocs\2018\dongfeng3\Application\Home\Conf\config.php ç¬¬ 7 è¡Œ.
INFO: [ app_begin ] --START--
INFO: Run Behavior\ReadHtmlCacheBehavior [ RunTime:0.001000s ]
INFO: [ app_begin ] --END-- [ RunTime:0.001000s ]
SQL: SHOW COLUMNS FROM `app_name_list` [ RunTime:0.0460s ]
SQL: SELECT COUNT(*) AS tp_count FROM `app_name_list` WHERE `uid` = 'è¿™ä¹ˆ' LIMIT 1   [ RunTime:0.0460s ]
SQL: INSERT INTO `app_name_list` (`openid`,`uid`,`tel`,`imgurl`,`add_time`,`ip`) VALUES ('789789','è¿™ä¹ˆ','18666967132','15246108726236.jpeg','2018-04-25 07:01:12','192.168.0.10') [ RunTime:0.0460s ]

[ 2018-04-25T07:01:14+08:00 ] 192.168.0.10 /2018/dongfeng3/?a=ranking
INFO: [ app_init ] --START--
INFO: Run Behavior\BuildLiteBehavior [ RunTime:0.000000s ]
INFO: [ app_init ] --END-- [ RunTime:0.001000s ]
NOTIC: [2] include(./Common/Conf/config.php): failed to open stream: No such file or directory D:\xampp\htdocs\2018\dongfeng3\Application\Home\Conf\config.php ç¬¬ 7 è¡Œ.
NOTIC: [2] include(): Failed opening './Common/Conf/config.php' for inclusion (include_path='.;D:\xampp\php\PEAR') D:\xampp\htdocs\2018\dongfeng3\Application\Home\Conf\config.php ç¬¬ 7 è¡Œ.
NOTIC: [2] array_merge(): Argument #1 is not an array D:\xampp\htdocs\2018\dongfeng3\Application\Home\Conf\config.php ç¬¬ 7 è¡Œ.
INFO: [ app_begin ] --START--
INFO: Run Behavior\ReadHtmlCacheBehavior [ RunTime:0.001000s ]
INFO: [ app_begin ] --END-- [ RunTime:0.001000s ]
SQL: SHOW COLUMNS FROM `app_name_list` [ RunTime:0.0450s ]
SQL: SELECT `id`,`num`,`uid`,`imgurl` FROM `app_name_list` ORDER BY num desc,id asc LIMIT 10   [ RunTime:0.0460s ]

[ 2018-04-25T07:01:16+08:00 ] 192.168.0.10 /2018/dongfeng3/?a=ranking
INFO: [ app_init ] --START--
INFO: Run Behavior\BuildLiteBehavior [ RunTime:0.000000s ]
INFO: [ app_init ] --END-- [ RunTime:0.001000s ]
NOTIC: [2] include(./Common/Conf/config.php): failed to open stream: No such file or directory D:\xampp\htdocs\2018\dongfeng3\Application\Home\Conf\config.php ç¬¬ 7 è¡Œ.
NOTIC: [2] include(): Failed opening './Common/Conf/config.php' for inclusion (include_path='.;D:\xampp\php\PEAR') D:\xampp\htdocs\2018\dongfeng3\Application\Home\Conf\config.php ç¬¬ 7 è¡Œ.
NOTIC: [2] array_merge(): Argument #1 is not an array D:\xampp\htdocs\2018\dongfeng3\Application\Home\Conf\config.php ç¬¬ 7 è¡Œ.
INFO: [ app_begin ] --START--
INFO: Run Behavior\ReadHtmlCacheBehavior [ RunTime:0.001000s ]
INFO: [ app_begin ] --END-- [ RunTime:0.001000s ]
SQL: SHOW COLUMNS FROM `app_name_list` [ RunTime:0.0440s ]
SQL: SELECT `id`,`num`,`uid`,`imgurl` FROM `app_name_list` ORDER BY num desc,id asc LIMIT 5,10   [ RunTime:0.0450s ]

