[ 2018-05-13T09:54:31+08:00 ] 127.0.0.1 /
NOTIC: [2] include(./Common/Conf/config.php): failed to open stream: No such file or directory E:\phpStudy\WWW\qiche\Application\Home\Conf\config.php 第 7 行.
NOTIC: [2] include(): Failed opening './Common/Conf/config.php' for inclusion (include_path='.;C:\php\pear') E:\phpStudy\WWW\qiche\Application\Home\Conf\config.php 第 7 行.
NOTIC: [2] array_merge(): Argument #1 is not an array E:\phpStudy\WWW\qiche\Application\Home\Conf\config.php 第 7 行.

[ 2018-05-13T09:55:30+08:00 ] 127.0.0.1 /
NOTIC: [2] include(./Common/Conf/config.php): failed to open stream: No such file or directory E:\phpStudy\WWW\qiche\Application\Home\Conf\config.php 第 7 行.
NOTIC: [2] include(): Failed opening './Common/Conf/config.php' for inclusion (include_path='.;C:\php\pear') E:\phpStudy\WWW\qiche\Application\Home\Conf\config.php 第 7 行.
NOTIC: [2] array_merge(): Argument #1 is not an array E:\phpStudy\WWW\qiche\Application\Home\Conf\config.php 第 7 行.

[ 2018-05-13T10:08:51+08:00 ] 127.0.0.1 /
INFO: [ app_init ] --START--
INFO: Run Behavior\BuildLiteBehavior [ RunTime:0.000019s ]
INFO: [ app_init ] --END-- [ RunTime:0.000320s ]
NOTIC: [2] include(./Common/Conf/config.php): failed to open stream: No such file or directory E:\phpStudy\WWW\qiche\Application\Home\Conf\config.php 第 7 行.
NOTIC: [2] include(): Failed opening './Common/Conf/config.php' for inclusion (include_path='.;C:\php\pear') E:\phpStudy\WWW\qiche\Application\Home\Conf\config.php 第 7 行.
NOTIC: [2] array_merge(): Argument #1 is not an array E:\phpStudy\WWW\qiche\Application\Home\Conf\config.php 第 7 行.
INFO: [ app_begin ] --START--
INFO: Run Behavior\ReadHtmlCacheBehavior [ RunTime:0.000291s ]
INFO: [ app_begin ] --END-- [ RunTime:0.000310s ]
INFO: [ view_parse ] --START--
INFO: [ template_filter ] --START--
INFO: Run Behavior\ContentReplaceBehavior [ RunTime:0.000092s ]
INFO: [ template_filter ] --END-- [ RunTime:0.000118s ]
NOTIC: [8] Undefined variable: resJson E:\phpStudy\WWW\qiche\Application\Runtime\Cache\Home\d9f819b3b48479d96fea8a8f2f546a01.php 第 39 行.
NOTIC: [8] Undefined variable: list E:\phpStudy\WWW\qiche\Application\Runtime\Cache\Home\d9f819b3b48479d96fea8a8f2f546a01.php 第 379 行.
NOTIC: [8] Undefined variable: list E:\phpStudy\WWW\qiche\Application\Runtime\Cache\Home\d9f819b3b48479d96fea8a8f2f546a01.php 第 382 行.
NOTIC: [8] Undefined variable: list E:\phpStudy\WWW\qiche\Application\Runtime\Cache\Home\d9f819b3b48479d96fea8a8f2f546a01.php 第 385 行.
INFO: Run Behavior\ParseTemplateBehavior [ RunTime:0.004682s ]
INFO: [ view_parse ] --END-- [ RunTime:0.004710s ]
INFO: [ view_filter ] --START--
INFO: Run Behavior\WriteHtmlCacheBehavior [ RunTime:0.000209s ]
INFO: [ view_filter ] --END-- [ RunTime:0.000224s ]
INFO: [ app_end ] --START--
INFO: Run Behavior\ShowPageTraceBehavior [ RunTime:0.000332s ]
INFO: [ app_end ] --END-- [ RunTime:0.000360s ]

[ 2018-05-13T10:10:27+08:00 ] 127.0.0.1 /
INFO: [ app_init ] --START--
INFO: Run Behavior\BuildLiteBehavior [ RunTime:0.000012s ]
INFO: [ app_init ] --END-- [ RunTime:0.000430s ]
NOTIC: [2] include(./Common/Conf/config.php): failed to open stream: No such file or directory E:\phpStudy\WWW\qiche\Application\Home\Conf\config.php 第 7 行.
NOTIC: [2] include(): Failed opening './Common/Conf/config.php' for inclusion (include_path='.;C:\php\pear') E:\phpStudy\WWW\qiche\Application\Home\Conf\config.php 第 7 行.
NOTIC: [2] array_merge(): Argument #1 is not an array E:\phpStudy\WWW\qiche\Application\Home\Conf\config.php 第 7 行.
INFO: [ app_begin ] --START--
INFO: Run Behavior\ReadHtmlCacheBehavior [ RunTime:0.000618s ]
INFO: [ app_begin ] --END-- [ RunTime:0.000666s ]
INFO: [ view_parse ] --START--
INFO: [ template_filter ] --START--
INFO: Run Behavior\ContentReplaceBehavior [ RunTime:0.000069s ]
INFO: [ template_filter ] --END-- [ RunTime:0.000113s ]
INFO: Run Behavior\ParseTemplateBehavior [ RunTime:0.005792s ]
INFO: [ view_parse ] --END-- [ RunTime:0.005840s ]
INFO: [ view_filter ] --START--
INFO: Run Behavior\WriteHtmlCacheBehavior [ RunTime:0.000328s ]
INFO: [ view_filter ] --END-- [ RunTime:0.000363s ]
INFO: [ app_end ] --START--
INFO: Run Behavior\ShowPageTraceBehavior [ RunTime:0.000610s ]
INFO: [ app_end ] --END-- [ RunTime:0.000645s ]

[ 2018-05-13T10:14:04+08:00 ] 127.0.0.1 /
INFO: [ app_init ] --START--
INFO: Run Behavior\BuildLiteBehavior [ RunTime:0.000011s ]
INFO: [ app_init ] --END-- [ RunTime:0.000462s ]
NOTIC: [2] include(./Common/Conf/config.php): failed to open stream: No such file or directory E:\phpStudy\WWW\qiche\Application\Home\Conf\config.php 第 7 行.
NOTIC: [2] include(): Failed opening './Common/Conf/config.php' for inclusion (include_path='.;C:\php\pear') E:\phpStudy\WWW\qiche\Application\Home\Conf\config.php 第 7 行.
NOTIC: [2] array_merge(): Argument #1 is not an array E:\phpStudy\WWW\qiche\Application\Home\Conf\config.php 第 7 行.
INFO: [ app_begin ] --START--
INFO: Run Behavior\ReadHtmlCacheBehavior [ RunTime:0.000587s ]
INFO: [ app_begin ] --END-- [ RunTime:0.000632s ]
INFO: [ view_parse ] --START--
INFO: [ template_filter ] --START--
INFO: Run Behavior\ContentReplaceBehavior [ RunTime:0.000060s ]
INFO: [ template_filter ] --END-- [ RunTime:0.000100s ]
INFO: Run Behavior\ParseTemplateBehavior [ RunTime:0.005969s ]
INFO: [ view_parse ] --END-- [ RunTime:0.006006s ]
INFO: [ view_filter ] --START--
INFO: Run Behavior\WriteHtmlCacheBehavior [ RunTime:0.000346s ]
INFO: [ view_filter ] --END-- [ RunTime:0.000373s ]
INFO: [ app_end ] --START--
INFO: Run Behavior\ShowPageTraceBehavior [ RunTime:0.000562s ]
INFO: [ app_end ] --END-- [ RunTime:0.000590s ]

[ 2018-05-13T10:15:24+08:00 ] 127.0.0.1 /
INFO: [ app_init ] --START--
INFO: Run Behavior\BuildLiteBehavior [ RunTime:0.000005s ]
INFO: [ app_init ] --END-- [ RunTime:0.000211s ]
NOTIC: [2] include(./Common/Conf/config.php): failed to open stream: No such file or directory E:\phpStudy\WWW\qiche\Application\Home\Conf\config.php 第 7 行.
NOTIC: [2] include(): Failed opening './Common/Conf/config.php' for inclusion (include_path='.;C:\php\pear') E:\phpStudy\WWW\qiche\Application\Home\Conf\config.php 第 7 行.
NOTIC: [2] array_merge(): Argument #1 is not an array E:\phpStudy\WWW\qiche\Application\Home\Conf\config.php 第 7 行.
INFO: [ app_begin ] --START--
INFO: Run Behavior\ReadHtmlCacheBehavior [ RunTime:0.000292s ]
INFO: [ app_begin ] --END-- [ RunTime:0.000321s ]
INFO: [ view_parse ] --START--
INFO: [ template_filter ] --START--
INFO: Run Behavior\ContentReplaceBehavior [ RunTime:0.000044s ]
INFO: [ template_filter ] --END-- [ RunTime:0.000067s ]
INFO: Run Behavior\ParseTemplateBehavior [ RunTime:0.003286s ]
INFO: [ view_parse ] --END-- [ RunTime:0.003319s ]
INFO: [ view_filter ] --START--
INFO: Run Behavior\WriteHtmlCacheBehavior [ RunTime:0.000210s ]
INFO: [ view_filter ] --END-- [ RunTime:0.000228s ]
INFO: [ app_end ] --START--
INFO: Run Behavior\ShowPageTraceBehavior [ RunTime:0.000337s ]
INFO: [ app_end ] --END-- [ RunTime:0.000355s ]

[ 2018-05-13T10:22:10+08:00 ] 127.0.0.1 /
INFO: [ app_init ] --START--
INFO: Run Behavior\BuildLiteBehavior [ RunTime:0.000011s ]
INFO: [ app_init ] --END-- [ RunTime:0.000470s ]
NOTIC: [2] include(./Common/Conf/config.php): failed to open stream: No such file or directory E:\phpStudy\WWW\qiche\Application\Home\Conf\config.php 第 7 行.
NOTIC: [2] include(): Failed opening './Common/Conf/config.php' for inclusion (include_path='.;C:\php\pear') E:\phpStudy\WWW\qiche\Application\Home\Conf\config.php 第 7 行.
NOTIC: [2] array_merge(): Argument #1 is not an array E:\phpStudy\WWW\qiche\Application\Home\Conf\config.php 第 7 行.
INFO: [ app_begin ] --START--
INFO: Run Behavior\ReadHtmlCacheBehavior [ RunTime:0.000551s ]
INFO: [ app_begin ] --END-- [ RunTime:0.000590s ]
INFO: [ view_parse ] --START--
INFO: [ template_filter ] --START--
INFO: Run Behavior\ContentReplaceBehavior [ RunTime:0.000061s ]
INFO: [ template_filter ] --END-- [ RunTime:0.000099s ]
INFO: Run Behavior\ParseTemplateBehavior [ RunTime:0.005591s ]
INFO: [ view_parse ] --END-- [ RunTime:0.005629s ]
INFO: [ view_filter ] --START--
INFO: Run Behavior\WriteHtmlCacheBehavior [ RunTime:0.000344s ]
INFO: [ view_filter ] --END-- [ RunTime:0.000372s ]
INFO: [ app_end ] --START--
INFO: Run Behavior\ShowPageTraceBehavior [ RunTime:0.000566s ]
INFO: [ app_end ] --END-- [ RunTime:0.000594s ]

[ 2018-05-13T10:23:30+08:00 ] 127.0.0.1 /
INFO: [ app_init ] --START--
INFO: Run Behavior\BuildLiteBehavior [ RunTime:0.000007s ]
INFO: [ app_init ] --END-- [ RunTime:0.000231s ]
NOTIC: [2] include(./Common/Conf/config.php): failed to open stream: No such file or directory E:\phpStudy\WWW\qiche\Application\Home\Conf\config.php 第 7 行.
NOTIC: [2] include(): Failed opening './Common/Conf/config.php' for inclusion (include_path='.;C:\php\pear') E:\phpStudy\WWW\qiche\Application\Home\Conf\config.php 第 7 行.
NOTIC: [2] array_merge(): Argument #1 is not an array E:\phpStudy\WWW\qiche\Application\Home\Conf\config.php 第 7 行.
INFO: [ app_begin ] --START--
INFO: Run Behavior\ReadHtmlCacheBehavior [ RunTime:0.000289s ]
INFO: [ app_begin ] --END-- [ RunTime:0.000310s ]
INFO: [ view_parse ] --START--
INFO: [ template_filter ] --START--
INFO: Run Behavior\ContentReplaceBehavior [ RunTime:0.000034s ]
INFO: [ template_filter ] --END-- [ RunTime:0.000053s ]
INFO: Run Behavior\ParseTemplateBehavior [ RunTime:0.003081s ]
INFO: [ view_parse ] --END-- [ RunTime:0.003106s ]
INFO: [ view_filter ] --START--
INFO: Run Behavior\WriteHtmlCacheBehavior [ RunTime:0.000176s ]
INFO: [ view_filter ] --END-- [ RunTime:0.000193s ]
INFO: [ app_end ] --START--
INFO: Run Behavior\ShowPageTraceBehavior [ RunTime:0.000409s ]
INFO: [ app_end ] --END-- [ RunTime:0.000429s ]

[ 2018-05-13T10:23:40+08:00 ] 127.0.0.1 /
INFO: [ app_init ] --START--
INFO: Run Behavior\BuildLiteBehavior [ RunTime:0.000011s ]
INFO: [ app_init ] --END-- [ RunTime:0.000414s ]
NOTIC: [2] include(./Common/Conf/config.php): failed to open stream: No such file or directory E:\phpStudy\WWW\qiche\Application\Home\Conf\config.php 第 7 行.
NOTIC: [2] include(): Failed opening './Common/Conf/config.php' for inclusion (include_path='.;C:\php\pear') E:\phpStudy\WWW\qiche\Application\Home\Conf\config.php 第 7 行.
NOTIC: [2] array_merge(): Argument #1 is not an array E:\phpStudy\WWW\qiche\Application\Home\Conf\config.php 第 7 行.
INFO: [ app_begin ] --START--
INFO: Run Behavior\ReadHtmlCacheBehavior [ RunTime:0.000494s ]
INFO: [ app_begin ] --END-- [ RunTime:0.000532s ]
INFO: [ view_parse ] --START--
INFO: [ template_filter ] --START--
INFO: Run Behavior\ContentReplaceBehavior [ RunTime:0.000058s ]
INFO: [ template_filter ] --END-- [ RunTime:0.000091s ]
INFO: Run Behavior\ParseTemplateBehavior [ RunTime:0.004922s ]
INFO: [ view_parse ] --END-- [ RunTime:0.004960s ]
INFO: [ view_filter ] --START--
INFO: Run Behavior\WriteHtmlCacheBehavior [ RunTime:0.000273s ]
INFO: [ view_filter ] --END-- [ RunTime:0.000301s ]
INFO: [ app_end ] --START--
INFO: Run Behavior\ShowPageTraceBehavior [ RunTime:0.000497s ]
INFO: [ app_end ] --END-- [ RunTime:0.000525s ]

[ 2018-05-13T10:27:18+08:00 ] 127.0.0.1 /
INFO: [ app_init ] --START--
INFO: Run Behavior\BuildLiteBehavior [ RunTime:0.000011s ]
INFO: [ app_init ] --END-- [ RunTime:0.000476s ]
NOTIC: [2] include(./Common/Conf/config.php): failed to open stream: No such file or directory E:\phpStudy\WWW\qiche\Application\Home\Conf\config.php 第 7 行.
NOTIC: [2] include(): Failed opening './Common/Conf/config.php' for inclusion (include_path='.;C:\php\pear') E:\phpStudy\WWW\qiche\Application\Home\Conf\config.php 第 7 行.
NOTIC: [2] array_merge(): Argument #1 is not an array E:\phpStudy\WWW\qiche\Application\Home\Conf\config.php 第 7 行.
INFO: [ app_begin ] --START--
INFO: Run Behavior\ReadHtmlCacheBehavior [ RunTime:0.000558s ]
INFO: [ app_begin ] --END-- [ RunTime:0.000593s ]
INFO: [ view_parse ] --START--
INFO: [ template_filter ] --START--
INFO: Run Behavior\ContentReplaceBehavior [ RunTime:0.000060s ]
INFO: [ template_filter ] --END-- [ RunTime:0.000092s ]
INFO: Run Behavior\ParseTemplateBehavior [ RunTime:0.005778s ]
INFO: [ view_parse ] --END-- [ RunTime:0.005815s ]
INFO: [ view_filter ] --START--
INFO: Run Behavior\WriteHtmlCacheBehavior [ RunTime:0.000378s ]
INFO: [ view_filter ] --END-- [ RunTime:0.000410s ]
INFO: [ app_end ] --START--
INFO: Run Behavior\ShowPageTraceBehavior [ RunTime:0.000627s ]
INFO: [ app_end ] --END-- [ RunTime:0.000658s ]

[ 2018-05-13T10:29:05+08:00 ] 127.0.0.1 /
INFO: [ app_init ] --START--
INFO: Run Behavior\BuildLiteBehavior [ RunTime:0.000012s ]
INFO: [ app_init ] --END-- [ RunTime:0.000462s ]
NOTIC: [2] include(./Common/Conf/config.php): failed to open stream: No such file or directory E:\phpStudy\WWW\qiche\Application\Home\Conf\config.php 第 7 行.
NOTIC: [2] include(): Failed opening './Common/Conf/config.php' for inclusion (include_path='.;C:\php\pear') E:\phpStudy\WWW\qiche\Application\Home\Conf\config.php 第 7 行.
NOTIC: [2] array_merge(): Argument #1 is not an array E:\phpStudy\WWW\qiche\Application\Home\Conf\config.php 第 7 行.
INFO: [ app_begin ] --START--
INFO: Run Behavior\ReadHtmlCacheBehavior [ RunTime:0.000543s ]
INFO: [ app_begin ] --END-- [ RunTime:0.000581s ]
INFO: [ view_parse ] --START--
INFO: [ template_filter ] --START--
INFO: Run Behavior\ContentReplaceBehavior [ RunTime:0.000063s ]
INFO: [ template_filter ] --END-- [ RunTime:0.000099s ]
INFO: Run Behavior\ParseTemplateBehavior [ RunTime:0.005616s ]
INFO: [ view_parse ] --END-- [ RunTime:0.005681s ]
INFO: [ view_filter ] --START--
INFO: Run Behavior\WriteHtmlCacheBehavior [ RunTime:0.000331s ]
INFO: [ view_filter ] --END-- [ RunTime:0.000363s ]
INFO: [ app_end ] --START--
INFO: Run Behavior\ShowPageTraceBehavior [ RunTime:0.000564s ]
INFO: [ app_end ] --END-- [ RunTime:0.000596s ]

[ 2018-05-13T10:31:56+08:00 ] 127.0.0.1 /
INFO: [ app_init ] --START--
INFO: Run Behavior\BuildLiteBehavior [ RunTime:0.000011s ]
INFO: [ app_init ] --END-- [ RunTime:0.000498s ]
NOTIC: [2] include(./Common/Conf/config.php): failed to open stream: No such file or directory E:\phpStudy\WWW\qiche\Application\Home\Conf\config.php 第 7 行.
NOTIC: [2] include(): Failed opening './Common/Conf/config.php' for inclusion (include_path='.;C:\php\pear') E:\phpStudy\WWW\qiche\Application\Home\Conf\config.php 第 7 行.
NOTIC: [2] array_merge(): Argument #1 is not an array E:\phpStudy\WWW\qiche\Application\Home\Conf\config.php 第 7 行.
INFO: [ app_begin ] --START--
INFO: Run Behavior\ReadHtmlCacheBehavior [ RunTime:0.000581s ]
INFO: [ app_begin ] --END-- [ RunTime:0.000620s ]
INFO: [ view_parse ] --START--
INFO: [ template_filter ] --START--
INFO: Run Behavior\ContentReplaceBehavior [ RunTime:0.000059s ]
INFO: [ template_filter ] --END-- [ RunTime:0.000092s ]
INFO: Run Behavior\ParseTemplateBehavior [ RunTime:0.005837s ]
INFO: [ view_parse ] --END-- [ RunTime:0.005874s ]
INFO: [ view_filter ] --START--
INFO: Run Behavior\WriteHtmlCacheBehavior [ RunTime:0.000354s ]
INFO: [ view_filter ] --END-- [ RunTime:0.000383s ]
INFO: [ app_end ] --START--
INFO: Run Behavior\ShowPageTraceBehavior [ RunTime:0.000580s ]
INFO: [ app_end ] --END-- [ RunTime:0.000609s ]

[ 2018-05-13T10:31:59+08:00 ] 127.0.0.1 /
INFO: [ app_init ] --START--
INFO: Run Behavior\BuildLiteBehavior [ RunTime:0.000011s ]
INFO: [ app_init ] --END-- [ RunTime:0.000419s ]
NOTIC: [2] include(./Common/Conf/config.php): failed to open stream: No such file or directory E:\phpStudy\WWW\qiche\Application\Home\Conf\config.php 第 7 行.
NOTIC: [2] include(): Failed opening './Common/Conf/config.php' for inclusion (include_path='.;C:\php\pear') E:\phpStudy\WWW\qiche\Application\Home\Conf\config.php 第 7 行.
NOTIC: [2] array_merge(): Argument #1 is not an array E:\phpStudy\WWW\qiche\Application\Home\Conf\config.php 第 7 行.
INFO: [ app_begin ] --START--
INFO: Run Behavior\ReadHtmlCacheBehavior [ RunTime:0.000497s ]
INFO: [ app_begin ] --END-- [ RunTime:0.000535s ]
INFO: [ view_parse ] --START--
INFO: [ template_filter ] --START--
INFO: Run Behavior\ContentReplaceBehavior [ RunTime:0.000059s ]
INFO: [ template_filter ] --END-- [ RunTime:0.000097s ]
INFO: Run Behavior\ParseTemplateBehavior [ RunTime:0.005003s ]
INFO: [ view_parse ] --END-- [ RunTime:0.005046s ]
INFO: [ view_filter ] --START--
INFO: Run Behavior\WriteHtmlCacheBehavior [ RunTime:0.000585s ]
INFO: [ view_filter ] --END-- [ RunTime:0.000619s ]
INFO: [ app_end ] --START--
INFO: Run Behavior\ShowPageTraceBehavior [ RunTime:0.000534s ]
INFO: [ app_end ] --END-- [ RunTime:0.000565s ]

[ 2018-05-13T10:40:10+08:00 ] 127.0.0.1 /
INFO: [ app_init ] --START--
INFO: Run Behavior\BuildLiteBehavior [ RunTime:0.000010s ]
INFO: [ app_init ] --END-- [ RunTime:0.000459s ]
NOTIC: [2] include(./Common/Conf/config.php): failed to open stream: No such file or directory E:\phpStudy\WWW\qiche\Application\Home\Conf\config.php 第 7 行.
NOTIC: [2] include(): Failed opening './Common/Conf/config.php' for inclusion (include_path='.;C:\php\pear') E:\phpStudy\WWW\qiche\Application\Home\Conf\config.php 第 7 行.
NOTIC: [2] array_merge(): Argument #1 is not an array E:\phpStudy\WWW\qiche\Application\Home\Conf\config.php 第 7 行.
INFO: [ app_begin ] --START--
INFO: Run Behavior\ReadHtmlCacheBehavior [ RunTime:0.000548s ]
INFO: [ app_begin ] --END-- [ RunTime:0.000583s ]
INFO: [ view_parse ] --START--
INFO: [ template_filter ] --START--
INFO: Run Behavior\ContentReplaceBehavior [ RunTime:0.000066s ]
INFO: [ template_filter ] --END-- [ RunTime:0.000100s ]
INFO: Run Behavior\ParseTemplateBehavior [ RunTime:0.006123s ]
INFO: [ view_parse ] --END-- [ RunTime:0.006162s ]
INFO: [ view_filter ] --START--
INFO: Run Behavior\WriteHtmlCacheBehavior [ RunTime:0.000373s ]
INFO: [ view_filter ] --END-- [ RunTime:0.000403s ]
INFO: [ app_end ] --START--
INFO: Run Behavior\ShowPageTraceBehavior [ RunTime:0.000599s ]
INFO: [ app_end ] --END-- [ RunTime:0.000627s ]

[ 2018-05-13T10:40:23+08:00 ] 127.0.0.1 /
INFO: [ app_init ] --START--
INFO: Run Behavior\BuildLiteBehavior [ RunTime:0.000010s ]
INFO: [ app_init ] --END-- [ RunTime:0.000371s ]
NOTIC: [2] include(./Common/Conf/config.php): failed to open stream: No such file or directory E:\phpStudy\WWW\qiche\Application\Home\Conf\config.php 第 7 行.
NOTIC: [2] include(): Failed opening './Common/Conf/config.php' for inclusion (include_path='.;C:\php\pear') E:\phpStudy\WWW\qiche\Application\Home\Conf\config.php 第 7 行.
NOTIC: [2] array_merge(): Argument #1 is not an array E:\phpStudy\WWW\qiche\Application\Home\Conf\config.php 第 7 行.
INFO: [ app_begin ] --START--
INFO: Run Behavior\ReadHtmlCacheBehavior [ RunTime:0.000487s ]
INFO: [ app_begin ] --END-- [ RunTime:0.000524s ]
INFO: [ view_parse ] --START--
INFO: [ template_filter ] --START--
INFO: Run Behavior\ContentReplaceBehavior [ RunTime:0.000067s ]
INFO: [ template_filter ] --END-- [ RunTime:0.000173s ]
INFO: Run Behavior\ParseTemplateBehavior [ RunTime:0.005863s ]
INFO: [ view_parse ] --END-- [ RunTime:0.005906s ]
INFO: [ view_filter ] --START--
INFO: Run Behavior\WriteHtmlCacheBehavior [ RunTime:0.000298s ]
INFO: [ view_filter ] --END-- [ RunTime:0.000328s ]
INFO: [ app_end ] --START--
INFO: Run Behavior\ShowPageTraceBehavior [ RunTime:0.000536s ]
INFO: [ app_end ] --END-- [ RunTime:0.000566s ]

[ 2018-05-13T10:45:11+08:00 ] 127.0.0.1 /
INFO: [ app_init ] --START--
INFO: Run Behavior\BuildLiteBehavior [ RunTime:0.000010s ]
INFO: [ app_init ] --END-- [ RunTime:0.000460s ]
NOTIC: [2] include(./Common/Conf/config.php): failed to open stream: No such file or directory E:\phpStudy\WWW\qiche\Application\Home\Conf\config.php 第 7 行.
NOTIC: [2] include(): Failed opening './Common/Conf/config.php' for inclusion (include_path='.;C:\php\pear') E:\phpStudy\WWW\qiche\Application\Home\Conf\config.php 第 7 行.
NOTIC: [2] array_merge(): Argument #1 is not an array E:\phpStudy\WWW\qiche\Application\Home\Conf\config.php 第 7 行.
INFO: [ app_begin ] --START--
INFO: Run Behavior\ReadHtmlCacheBehavior [ RunTime:0.000551s ]
INFO: [ app_begin ] --END-- [ RunTime:0.000586s ]
INFO: [ view_parse ] --START--
INFO: [ template_filter ] --START--
INFO: Run Behavior\ContentReplaceBehavior [ RunTime:0.000061s ]
INFO: [ template_filter ] --END-- [ RunTime:0.000092s ]
INFO: Run Behavior\ParseTemplateBehavior [ RunTime:0.005860s ]
INFO: [ view_parse ] --END-- [ RunTime:0.005896s ]
INFO: [ view_filter ] --START--
INFO: Run Behavior\WriteHtmlCacheBehavior [ RunTime:0.000350s ]
INFO: [ view_filter ] --END-- [ RunTime:0.000378s ]
INFO: [ app_end ] --START--
INFO: Run Behavior\ShowPageTraceBehavior [ RunTime:0.000585s ]
INFO: [ app_end ] --END-- [ RunTime:0.000614s ]

[ 2018-05-13T10:45:57+08:00 ] 127.0.0.1 /
INFO: [ app_init ] --START--
INFO: Run Behavior\BuildLiteBehavior [ RunTime:0.000012s ]
INFO: [ app_init ] --END-- [ RunTime:0.000497s ]
NOTIC: [2] include(./Common/Conf/config.php): failed to open stream: No such file or directory E:\phpStudy\WWW\qiche\Application\Home\Conf\config.php 第 7 行.
NOTIC: [2] include(): Failed opening './Common/Conf/config.php' for inclusion (include_path='.;C:\php\pear') E:\phpStudy\WWW\qiche\Application\Home\Conf\config.php 第 7 行.
NOTIC: [2] array_merge(): Argument #1 is not an array E:\phpStudy\WWW\qiche\Application\Home\Conf\config.php 第 7 行.
INFO: [ app_begin ] --START--
INFO: Run Behavior\ReadHtmlCacheBehavior [ RunTime:0.000621s ]
INFO: [ app_begin ] --END-- [ RunTime:0.000667s ]
INFO: [ view_parse ] --START--
INFO: [ template_filter ] --START--
INFO: Run Behavior\ContentReplaceBehavior [ RunTime:0.000082s ]
INFO: [ template_filter ] --END-- [ RunTime:0.000128s ]
INFO: Run Behavior\ParseTemplateBehavior [ RunTime:0.006877s ]
INFO: [ view_parse ] --END-- [ RunTime:0.006929s ]
INFO: [ view_filter ] --START--
INFO: Run Behavior\WriteHtmlCacheBehavior [ RunTime:0.000359s ]
INFO: [ view_filter ] --END-- [ RunTime:0.000396s ]
INFO: [ app_end ] --START--
INFO: Run Behavior\ShowPageTraceBehavior [ RunTime:0.000656s ]
INFO: [ app_end ] --END-- [ RunTime:0.000696s ]

[ 2018-05-13T10:48:03+08:00 ] 127.0.0.1 /
INFO: [ app_init ] --START--
INFO: Run Behavior\BuildLiteBehavior [ RunTime:0.000008s ]
INFO: [ app_init ] --END-- [ RunTime:0.000337s ]
NOTIC: [2] include(./Common/Conf/config.php): failed to open stream: No such file or directory E:\phpStudy\WWW\qiche\Application\Home\Conf\config.php 第 7 行.
NOTIC: [2] include(): Failed opening './Common/Conf/config.php' for inclusion (include_path='.;C:\php\pear') E:\phpStudy\WWW\qiche\Application\Home\Conf\config.php 第 7 行.
NOTIC: [2] array_merge(): Argument #1 is not an array E:\phpStudy\WWW\qiche\Application\Home\Conf\config.php 第 7 行.
INFO: [ app_begin ] --START--
INFO: Run Behavior\ReadHtmlCacheBehavior [ RunTime:0.000399s ]
INFO: [ app_begin ] --END-- [ RunTime:0.000420s ]
INFO: [ view_parse ] --START--
INFO: [ template_filter ] --START--
INFO: Run Behavior\ContentReplaceBehavior [ RunTime:0.000039s ]
INFO: [ template_filter ] --END-- [ RunTime:0.000072s ]
INFO: Run Behavior\ParseTemplateBehavior [ RunTime:0.004179s ]
INFO: [ view_parse ] --END-- [ RunTime:0.004212s ]
INFO: [ view_filter ] --START--
INFO: Run Behavior\WriteHtmlCacheBehavior [ RunTime:0.000253s ]
INFO: [ view_filter ] --END-- [ RunTime:0.000276s ]
INFO: [ app_end ] --START--
INFO: Run Behavior\ShowPageTraceBehavior [ RunTime:0.000407s ]
INFO: [ app_end ] --END-- [ RunTime:0.000425s ]

[ 2018-05-13T10:51:57+08:00 ] 127.0.0.1 /
INFO: [ app_init ] --START--
INFO: Run Behavior\BuildLiteBehavior [ RunTime:0.000010s ]
INFO: [ app_init ] --END-- [ RunTime:0.000510s ]
NOTIC: [2] include(./Common/Conf/config.php): failed to open stream: No such file or directory E:\phpStudy\WWW\qiche\Application\Home\Conf\config.php 第 7 行.
NOTIC: [2] include(): Failed opening './Common/Conf/config.php' for inclusion (include_path='.;C:\php\pear') E:\phpStudy\WWW\qiche\Application\Home\Conf\config.php 第 7 行.
NOTIC: [2] array_merge(): Argument #1 is not an array E:\phpStudy\WWW\qiche\Application\Home\Conf\config.php 第 7 行.
INFO: [ app_begin ] --START--
INFO: Run Behavior\ReadHtmlCacheBehavior [ RunTime:0.000561s ]
INFO: [ app_begin ] --END-- [ RunTime:0.000598s ]
INFO: [ view_parse ] --START--
INFO: [ template_filter ] --START--
INFO: Run Behavior\ContentReplaceBehavior [ RunTime:0.000064s ]
INFO: [ template_filter ] --END-- [ RunTime:0.000094s ]
INFO: Run Behavior\ParseTemplateBehavior [ RunTime:0.005892s ]
INFO: [ view_parse ] --END-- [ RunTime:0.005930s ]
INFO: [ view_filter ] --START--
INFO: Run Behavior\WriteHtmlCacheBehavior [ RunTime:0.000353s ]
INFO: [ view_filter ] --END-- [ RunTime:0.000381s ]
INFO: [ app_end ] --START--
INFO: Run Behavior\ShowPageTraceBehavior [ RunTime:0.000590s ]
INFO: [ app_end ] --END-- [ RunTime:0.000618s ]

[ 2018-05-13T10:53:50+08:00 ] 127.0.0.1 /
INFO: [ app_init ] --START--
INFO: Run Behavior\BuildLiteBehavior [ RunTime:0.000012s ]
INFO: [ app_init ] --END-- [ RunTime:0.000432s ]
NOTIC: [2] include(./Common/Conf/config.php): failed to open stream: No such file or directory E:\phpStudy\WWW\qiche\Application\Home\Conf\config.php 第 7 行.
NOTIC: [2] include(): Failed opening './Common/Conf/config.php' for inclusion (include_path='.;C:\php\pear') E:\phpStudy\WWW\qiche\Application\Home\Conf\config.php 第 7 行.
NOTIC: [2] array_merge(): Argument #1 is not an array E:\phpStudy\WWW\qiche\Application\Home\Conf\config.php 第 7 行.
INFO: [ app_begin ] --START--
INFO: Run Behavior\ReadHtmlCacheBehavior [ RunTime:0.000537s ]
INFO: [ app_begin ] --END-- [ RunTime:0.000576s ]
INFO: [ view_parse ] --START--
INFO: [ template_filter ] --START--
INFO: Run Behavior\ContentReplaceBehavior [ RunTime:0.000045s ]
INFO: [ template_filter ] --END-- [ RunTime:0.000073s ]
INFO: Run Behavior\ParseTemplateBehavior [ RunTime:0.005682s ]
INFO: [ view_parse ] --END-- [ RunTime:0.005715s ]
INFO: [ view_filter ] --START--
INFO: Run Behavior\WriteHtmlCacheBehavior [ RunTime:0.000181s ]
INFO: [ view_filter ] --END-- [ RunTime:0.000198s ]
INFO: [ app_end ] --START--
INFO: Run Behavior\ShowPageTraceBehavior [ RunTime:0.000329s ]
INFO: [ app_end ] --END-- [ RunTime:0.000347s ]

[ 2018-05-13T10:58:07+08:00 ] 127.0.0.1 /
INFO: [ app_init ] --START--
INFO: Run Behavior\BuildLiteBehavior [ RunTime:0.000012s ]
INFO: [ app_init ] --END-- [ RunTime:0.000576s ]
NOTIC: [2] include(./Common/Conf/config.php): failed to open stream: No such file or directory E:\phpStudy\WWW\qiche\Application\Home\Conf\config.php 第 7 行.
NOTIC: [2] include(): Failed opening './Common/Conf/config.php' for inclusion (include_path='.;C:\php\pear') E:\phpStudy\WWW\qiche\Application\Home\Conf\config.php 第 7 行.
NOTIC: [2] array_merge(): Argument #1 is not an array E:\phpStudy\WWW\qiche\Application\Home\Conf\config.php 第 7 行.
INFO: [ app_begin ] --START--
INFO: Run Behavior\ReadHtmlCacheBehavior [ RunTime:0.000397s ]
INFO: [ app_begin ] --END-- [ RunTime:0.000427s ]
INFO: [ view_parse ] --START--
INFO: [ template_filter ] --START--
INFO: Run Behavior\ContentReplaceBehavior [ RunTime:0.000041s ]
INFO: [ template_filter ] --END-- [ RunTime:0.000062s ]
INFO: Run Behavior\ParseTemplateBehavior [ RunTime:0.003683s ]
INFO: [ view_parse ] --END-- [ RunTime:0.003707s ]
INFO: [ view_filter ] --START--
INFO: Run Behavior\WriteHtmlCacheBehavior [ RunTime:0.000213s ]
INFO: [ view_filter ] --END-- [ RunTime:0.000230s ]
INFO: [ app_end ] --START--
INFO: Run Behavior\ShowPageTraceBehavior [ RunTime:0.000358s ]
INFO: [ app_end ] --END-- [ RunTime:0.000375s ]

[ 2018-05-13T11:03:28+08:00 ] 127.0.0.1 /
INFO: [ app_init ] --START--
INFO: Run Behavior\BuildLiteBehavior [ RunTime:0.000009s ]
INFO: [ app_init ] --END-- [ RunTime:0.000343s ]
NOTIC: [2] include(./Common/Conf/config.php): failed to open stream: No such file or directory E:\phpStudy\WWW\qiche\Application\Home\Conf\config.php 第 7 行.
NOTIC: [2] include(): Failed opening './Common/Conf/config.php' for inclusion (include_path='.;C:\php\pear') E:\phpStudy\WWW\qiche\Application\Home\Conf\config.php 第 7 行.
NOTIC: [2] array_merge(): Argument #1 is not an array E:\phpStudy\WWW\qiche\Application\Home\Conf\config.php 第 7 行.
INFO: [ app_begin ] --START--
INFO: Run Behavior\ReadHtmlCacheBehavior [ RunTime:0.000395s ]
INFO: [ app_begin ] --END-- [ RunTime:0.000423s ]

[ 2018-05-13T11:07:39+08:00 ] 127.0.0.1 /
INFO: [ app_init ] --START--
INFO: Run Behavior\BuildLiteBehavior [ RunTime:0.000012s ]
INFO: [ app_init ] --END-- [ RunTime:0.000565s ]
NOTIC: [2] include(./Common/Conf/config.php): failed to open stream: No such file or directory E:\phpStudy\WWW\qiche\Application\Home\Conf\config.php 第 7 行.
NOTIC: [2] include(): Failed opening './Common/Conf/config.php' for inclusion (include_path='.;C:\php\pear') E:\phpStudy\WWW\qiche\Application\Home\Conf\config.php 第 7 行.
NOTIC: [2] array_merge(): Argument #1 is not an array E:\phpStudy\WWW\qiche\Application\Home\Conf\config.php 第 7 行.
INFO: [ app_begin ] --START--
INFO: Run Behavior\ReadHtmlCacheBehavior [ RunTime:0.000695s ]
INFO: [ app_begin ] --END-- [ RunTime:0.000741s ]

[ 2018-05-13T11:09:30+08:00 ] 127.0.0.1 /
INFO: [ app_init ] --START--
INFO: Run Behavior\BuildLiteBehavior [ RunTime:0.000007s ]
INFO: [ app_init ] --END-- [ RunTime:0.000234s ]
NOTIC: [2] include(./Common/Conf/config.php): failed to open stream: No such file or directory E:\phpStudy\WWW\qiche\Application\Home\Conf\config.php 第 7 行.
NOTIC: [2] include(): Failed opening './Common/Conf/config.php' for inclusion (include_path='.;C:\php\pear') E:\phpStudy\WWW\qiche\Application\Home\Conf\config.php 第 7 行.
NOTIC: [2] array_merge(): Argument #1 is not an array E:\phpStudy\WWW\qiche\Application\Home\Conf\config.php 第 7 行.
INFO: [ app_begin ] --START--
INFO: Run Behavior\ReadHtmlCacheBehavior [ RunTime:0.000294s ]
INFO: [ app_begin ] --END-- [ RunTime:0.000317s ]
INFO: [ view_parse ] --START--
INFO: [ template_filter ] --START--
INFO: Run Behavior\ContentReplaceBehavior [ RunTime:0.000043s ]
INFO: [ template_filter ] --END-- [ RunTime:0.000071s ]
INFO: Run Behavior\ParseTemplateBehavior [ RunTime:0.003967s ]
INFO: [ view_parse ] --END-- [ RunTime:0.004001s ]
INFO: [ view_filter ] --START--
INFO: Run Behavior\WriteHtmlCacheBehavior [ RunTime:0.000229s ]
INFO: [ view_filter ] --END-- [ RunTime:0.000245s ]
INFO: [ app_end ] --START--
INFO: Run Behavior\ShowPageTraceBehavior [ RunTime:0.000636s ]
INFO: [ app_end ] --END-- [ RunTime:0.000656s ]

[ 2018-05-13T11:13:04+08:00 ] 127.0.0.1 /
INFO: [ app_init ] --START--
INFO: Run Behavior\BuildLiteBehavior [ RunTime:0.000011s ]
INFO: [ app_init ] --END-- [ RunTime:0.000453s ]
NOTIC: [2] include(./Common/Conf/config.php): failed to open stream: No such file or directory E:\phpStudy\WWW\qiche\Application\Home\Conf\config.php 第 7 行.
NOTIC: [2] include(): Failed opening './Common/Conf/config.php' for inclusion (include_path='.;C:\php\pear') E:\phpStudy\WWW\qiche\Application\Home\Conf\config.php 第 7 行.
NOTIC: [2] array_merge(): Argument #1 is not an array E:\phpStudy\WWW\qiche\Application\Home\Conf\config.php 第 7 行.
INFO: [ app_begin ] --START--
INFO: Run Behavior\ReadHtmlCacheBehavior [ RunTime:0.000565s ]
INFO: [ app_begin ] --END-- [ RunTime:0.000604s ]
INFO: [ view_parse ] --START--
INFO: [ template_filter ] --START--
INFO: Run Behavior\ContentReplaceBehavior [ RunTime:0.000068s ]
INFO: [ template_filter ] --END-- [ RunTime:0.000107s ]
INFO: Run Behavior\ParseTemplateBehavior [ RunTime:0.006566s ]
INFO: [ view_parse ] --END-- [ RunTime:0.006617s ]
INFO: [ view_filter ] --START--
INFO: Run Behavior\WriteHtmlCacheBehavior [ RunTime:0.000373s ]
INFO: [ view_filter ] --END-- [ RunTime:0.000402s ]
INFO: [ app_end ] --START--
INFO: Run Behavior\ShowPageTraceBehavior [ RunTime:0.000737s ]
INFO: [ app_end ] --END-- [ RunTime:0.000790s ]

