[ 2018-04-25T06:29:49+08:00 ] ::1 /2018/dongfeng3/?s=admin
INFO: [ app_init ] --START--
INFO: Run Behavior\BuildLiteBehavior [ RunTime:0.000000s ]
INFO: [ app_init ] --END-- [ RunTime:0.001000s ]
NOTIC: [2] include(./Common/Conf/config.php): failed to open stream: No such file or directory D:\xampp\htdocs\2018\dongfeng3\Application\Admin\Conf\config.php 第 7 行.
NOTIC: [2] include(): Failed opening './Common/Conf/config.php' for inclusion (include_path='.;D:\xampp\php\PEAR') D:\xampp\htdocs\2018\dongfeng3\Application\Admin\Conf\config.php 第 7 行.
NOTIC: [2] array_merge(): Argument #1 is not an array D:\xampp\htdocs\2018\dongfeng3\Application\Admin\Conf\config.php 第 7 行.
INFO: [ app_begin ] --START--
INFO: Run Behavior\ReadHtmlCacheBehavior [ RunTime:0.001000s ]
INFO: [ app_begin ] --END-- [ RunTime:0.001000s ]
NOTIC: [2] Missing argument 1 for Admin\Controller\CommonController::_initialize(), called in D:\xampp\htdocs\2018\dongfeng3\ThinkPHP\Library\Think\Controller.class.php on line 41 and defined D:\xampp\htdocs\2018\dongfeng3\Application\Admin\Controller\CommonController.class.php 第 8 行.
INFO: [ view_parse ] --START--
INFO: [ template_filter ] --START--
INFO: Run Behavior\ContentReplaceBehavior [ RunTime:0.000000s ]
INFO: [ template_filter ] --END-- [ RunTime:0.000000s ]
INFO: Run Behavior\ParseTemplateBehavior [ RunTime:0.014001s ]
INFO: [ view_parse ] --END-- [ RunTime:0.015001s ]
INFO: [ view_filter ] --START--
INFO: Run Behavior\WriteHtmlCacheBehavior [ RunTime:0.001000s ]
INFO: Run Behavior\TokenBuildBehavior [ RunTime:0.004000s ]
INFO: [ view_filter ] --END-- [ RunTime:0.005000s ]
INFO: [ app_end ] --START--
INFO: Run Behavior\ShowPageTraceBehavior [ RunTime:0.002000s ]
INFO: [ app_end ] --END-- [ RunTime:0.002000s ]

[ 2018-04-25T06:29:57+08:00 ] ::1 /2018/dongfeng3/index.php?s=admin&a=login
INFO: [ app_init ] --START--
INFO: Run Behavior\BuildLiteBehavior [ RunTime:0.000000s ]
INFO: [ app_init ] --END-- [ RunTime:0.001000s ]
NOTIC: [2] include(./Common/Conf/config.php): failed to open stream: No such file or directory D:\xampp\htdocs\2018\dongfeng3\Application\Admin\Conf\config.php 第 7 行.
NOTIC: [2] include(): Failed opening './Common/Conf/config.php' for inclusion (include_path='.;D:\xampp\php\PEAR') D:\xampp\htdocs\2018\dongfeng3\Application\Admin\Conf\config.php 第 7 行.
NOTIC: [2] array_merge(): Argument #1 is not an array D:\xampp\htdocs\2018\dongfeng3\Application\Admin\Conf\config.php 第 7 行.
INFO: [ app_begin ] --START--
INFO: Run Behavior\ReadHtmlCacheBehavior [ RunTime:0.001000s ]
INFO: [ app_begin ] --END-- [ RunTime:0.001000s ]
NOTIC: [2] Missing argument 1 for Admin\Controller\CommonController::_initialize(), called in D:\xampp\htdocs\2018\dongfeng3\ThinkPHP\Library\Think\Controller.class.php on line 41 and defined D:\xampp\htdocs\2018\dongfeng3\Application\Admin\Controller\CommonController.class.php 第 8 行.
SQL: SHOW COLUMNS FROM `app_users` [ RunTime:0.0450s ]
SQL: SELECT * FROM `app_users` WHERE ( user_name = 'admin' and user_pw= 'eda1a8c2ed4d728d37aecb890a1f6818' ) LIMIT 1   [ RunTime:0.0560s ]

[ 2018-04-25T06:29:58+08:00 ] ::1 /2018/dongfeng3/index.php?s=admin&a=admin
INFO: [ app_init ] --START--
INFO: Run Behavior\BuildLiteBehavior [ RunTime:0.000000s ]
INFO: [ app_init ] --END-- [ RunTime:0.001000s ]
NOTIC: [2] include(./Common/Conf/config.php): failed to open stream: No such file or directory D:\xampp\htdocs\2018\dongfeng3\Application\Admin\Conf\config.php 第 7 行.
NOTIC: [2] include(): Failed opening './Common/Conf/config.php' for inclusion (include_path='.;D:\xampp\php\PEAR') D:\xampp\htdocs\2018\dongfeng3\Application\Admin\Conf\config.php 第 7 行.
NOTIC: [2] array_merge(): Argument #1 is not an array D:\xampp\htdocs\2018\dongfeng3\Application\Admin\Conf\config.php 第 7 行.
INFO: [ app_begin ] --START--
INFO: Run Behavior\ReadHtmlCacheBehavior [ RunTime:0.001000s ]
INFO: [ app_begin ] --END-- [ RunTime:0.001000s ]
NOTIC: [2] Missing argument 1 for Admin\Controller\CommonController::_initialize(), called in D:\xampp\htdocs\2018\dongfeng3\ThinkPHP\Library\Think\Controller.class.php on line 41 and defined D:\xampp\htdocs\2018\dongfeng3\Application\Admin\Controller\CommonController.class.php 第 8 行.
SQL: SHOW COLUMNS FROM `app_name_list` [ RunTime:0.0490s ]
SQL: SELECT COUNT(*) AS tp_count FROM `app_name_list` LIMIT 1   [ RunTime:0.0470s ]
SQL: SELECT * FROM `app_name_list` ORDER BY num desc LIMIT 0,20   [ RunTime:0.0470s ]
INFO: [ view_parse ] --START--
INFO: [ template_filter ] --START--
INFO: Run Behavior\ContentReplaceBehavior [ RunTime:0.000000s ]
INFO: [ template_filter ] --END-- [ RunTime:0.000000s ]
NOTIC: [8] Undefined index: state D:\xampp\htdocs\2018\dongfeng3\Application\Runtime\Cache\Admin\287056c0a7f5f43ee93607c1197529ca.php 第 161 行.
NOTIC: [8] Undefined index: state D:\xampp\htdocs\2018\dongfeng3\Application\Runtime\Cache\Admin\287056c0a7f5f43ee93607c1197529ca.php 第 162 行.
INFO: Run Behavior\ParseTemplateBehavior [ RunTime:0.015001s ]
INFO: [ view_parse ] --END-- [ RunTime:0.015001s ]
INFO: [ view_filter ] --START--
INFO: Run Behavior\WriteHtmlCacheBehavior [ RunTime:0.001000s ]
INFO: Run Behavior\TokenBuildBehavior [ RunTime:0.001000s ]
INFO: [ view_filter ] --END-- [ RunTime:0.002000s ]
INFO: [ app_end ] --START--
INFO: Run Behavior\ShowPageTraceBehavior [ RunTime:0.001000s ]
INFO: [ app_end ] --END-- [ RunTime:0.001000s ]

[ 2018-04-25T06:30:06+08:00 ] ::1 /2018/dongfeng3/index.php?s=admin&a=del&id=1
INFO: [ app_init ] --START--
INFO: Run Behavior\BuildLiteBehavior [ RunTime:0.000000s ]
INFO: [ app_init ] --END-- [ RunTime:0.001000s ]
NOTIC: [2] include(./Common/Conf/config.php): failed to open stream: No such file or directory D:\xampp\htdocs\2018\dongfeng3\Application\Admin\Conf\config.php 第 7 行.
NOTIC: [2] include(): Failed opening './Common/Conf/config.php' for inclusion (include_path='.;D:\xampp\php\PEAR') D:\xampp\htdocs\2018\dongfeng3\Application\Admin\Conf\config.php 第 7 行.
NOTIC: [2] array_merge(): Argument #1 is not an array D:\xampp\htdocs\2018\dongfeng3\Application\Admin\Conf\config.php 第 7 行.
INFO: [ app_begin ] --START--
INFO: Run Behavior\ReadHtmlCacheBehavior [ RunTime:0.001000s ]
INFO: [ app_begin ] --END-- [ RunTime:0.001000s ]
NOTIC: [2] Missing argument 1 for Admin\Controller\CommonController::_initialize(), called in D:\xampp\htdocs\2018\dongfeng3\ThinkPHP\Library\Think\Controller.class.php on line 41 and defined D:\xampp\htdocs\2018\dongfeng3\Application\Admin\Controller\CommonController.class.php 第 8 行.
SQL: SHOW COLUMNS FROM `app_name_list` [ RunTime:0.0470s ]
SQL: DELETE FROM `app_name_list` WHERE `id` = 1 [ RunTime:0.0830s ]
INFO: [ view_parse ] --START--
INFO: [ template_filter ] --START--
INFO: Run Behavior\ContentReplaceBehavior [ RunTime:0.000000s ]
INFO: [ template_filter ] --END-- [ RunTime:0.000000s ]
INFO: Run Behavior\ParseTemplateBehavior [ RunTime:0.009001s ]
INFO: [ view_parse ] --END-- [ RunTime:0.009001s ]
INFO: [ view_filter ] --START--
INFO: Run Behavior\WriteHtmlCacheBehavior [ RunTime:0.001000s ]
INFO: Run Behavior\TokenBuildBehavior [ RunTime:0.001000s ]
INFO: [ view_filter ] --END-- [ RunTime:0.002000s ]
INFO: [ app_end ] --START--
INFO: Run Behavior\ShowPageTraceBehavior [ RunTime:0.001000s ]
INFO: [ app_end ] --END-- [ RunTime:0.001000s ]

[ 2018-04-25T06:30:07+08:00 ] ::1 /2018/dongfeng3/index.php?s=admin&a=admin
INFO: [ app_init ] --START--
INFO: Run Behavior\BuildLiteBehavior [ RunTime:0.000000s ]
INFO: [ app_init ] --END-- [ RunTime:0.001000s ]
NOTIC: [2] include(./Common/Conf/config.php): failed to open stream: No such file or directory D:\xampp\htdocs\2018\dongfeng3\Application\Admin\Conf\config.php 第 7 行.
NOTIC: [2] include(): Failed opening './Common/Conf/config.php' for inclusion (include_path='.;D:\xampp\php\PEAR') D:\xampp\htdocs\2018\dongfeng3\Application\Admin\Conf\config.php 第 7 行.
NOTIC: [2] array_merge(): Argument #1 is not an array D:\xampp\htdocs\2018\dongfeng3\Application\Admin\Conf\config.php 第 7 行.
INFO: [ app_begin ] --START--
INFO: Run Behavior\ReadHtmlCacheBehavior [ RunTime:0.001000s ]
INFO: [ app_begin ] --END-- [ RunTime:0.001000s ]
NOTIC: [2] Missing argument 1 for Admin\Controller\CommonController::_initialize(), called in D:\xampp\htdocs\2018\dongfeng3\ThinkPHP\Library\Think\Controller.class.php on line 41 and defined D:\xampp\htdocs\2018\dongfeng3\Application\Admin\Controller\CommonController.class.php 第 8 行.
SQL: SHOW COLUMNS FROM `app_name_list` [ RunTime:0.0430s ]
SQL: SELECT COUNT(*) AS tp_count FROM `app_name_list` LIMIT 1   [ RunTime:0.0430s ]
SQL: SELECT * FROM `app_name_list` ORDER BY num desc LIMIT 0,20   [ RunTime:0.0440s ]
INFO: [ view_parse ] --START--
INFO: [ template_filter ] --START--
INFO: Run Behavior\ContentReplaceBehavior [ RunTime:0.000000s ]
INFO: [ template_filter ] --END-- [ RunTime:0.000000s ]
NOTIC: [8] Undefined index: state D:\xampp\htdocs\2018\dongfeng3\Application\Runtime\Cache\Admin\287056c0a7f5f43ee93607c1197529ca.php 第 161 行.
NOTIC: [8] Undefined index: state D:\xampp\htdocs\2018\dongfeng3\Application\Runtime\Cache\Admin\287056c0a7f5f43ee93607c1197529ca.php 第 162 行.
INFO: Run Behavior\ParseTemplateBehavior [ RunTime:0.013001s ]
INFO: [ view_parse ] --END-- [ RunTime:0.013001s ]
INFO: [ view_filter ] --START--
INFO: Run Behavior\WriteHtmlCacheBehavior [ RunTime:0.000000s ]
INFO: Run Behavior\TokenBuildBehavior [ RunTime:0.002000s ]
INFO: [ view_filter ] --END-- [ RunTime:0.002000s ]
INFO: [ app_end ] --START--
INFO: Run Behavior\ShowPageTraceBehavior [ RunTime:0.001000s ]
INFO: [ app_end ] --END-- [ RunTime:0.001000s ]

