[ 2018-05-13T10:00:07+08:00 ] 127.0.0.1 /index.php?m=admin&c=Index
INFO: [ app_init ] --START--
INFO: Run Behavior\BuildLiteBehavior [ RunTime:0.000005s ]
INFO: [ app_init ] --END-- [ RunTime:0.000239s ]
NOTIC: [2] include(./Common/Conf/config.php): failed to open stream: No such file or directory E:\phpStudy\WWW\qiche\Application\Admin\Conf\config.php 第 7 行.
NOTIC: [2] include(): Failed opening './Common/Conf/config.php' for inclusion (include_path='.;C:\php\pear') E:\phpStudy\WWW\qiche\Application\Admin\Conf\config.php 第 7 行.
NOTIC: [2] array_merge(): Argument #1 is not an array E:\phpStudy\WWW\qiche\Application\Admin\Conf\config.php 第 7 行.
INFO: [ app_begin ] --START--
INFO: Run Behavior\ReadHtmlCacheBehavior [ RunTime:0.000328s ]
INFO: [ app_begin ] --END-- [ RunTime:0.000348s ]
ERR: Too few arguments to function Admin\Controller\CommonController::_initialize(), 0 passed in E:\phpStudy\WWW\qiche\ThinkPHP\Library\Think\Controller.class.php on line 41 and exactly 1 expected

[ 2018-05-13T10:00:31+08:00 ] 127.0.0.1 /index.php?m=Admin&c=Index
INFO: [ app_init ] --START--
INFO: Run Behavior\BuildLiteBehavior [ RunTime:0.000005s ]
INFO: [ app_init ] --END-- [ RunTime:0.000223s ]
NOTIC: [2] include(./Common/Conf/config.php): failed to open stream: No such file or directory E:\phpStudy\WWW\qiche\Application\Admin\Conf\config.php 第 7 行.
NOTIC: [2] include(): Failed opening './Common/Conf/config.php' for inclusion (include_path='.;C:\php\pear') E:\phpStudy\WWW\qiche\Application\Admin\Conf\config.php 第 7 行.
NOTIC: [2] array_merge(): Argument #1 is not an array E:\phpStudy\WWW\qiche\Application\Admin\Conf\config.php 第 7 行.
INFO: [ app_begin ] --START--
INFO: Run Behavior\ReadHtmlCacheBehavior [ RunTime:0.000285s ]
INFO: [ app_begin ] --END-- [ RunTime:0.000306s ]
ERR: Too few arguments to function Admin\Controller\CommonController::_initialize(), 0 passed in E:\phpStudy\WWW\qiche\ThinkPHP\Library\Think\Controller.class.php on line 41 and exactly 1 expected

[ 2018-05-13T10:00:35+08:00 ] 127.0.0.1 /index.php?m=Admin&c=index
INFO: [ app_init ] --START--
INFO: Run Behavior\BuildLiteBehavior [ RunTime:0.000006s ]
INFO: [ app_init ] --END-- [ RunTime:0.000230s ]
NOTIC: [2] include(./Common/Conf/config.php): failed to open stream: No such file or directory E:\phpStudy\WWW\qiche\Application\Admin\Conf\config.php 第 7 行.
NOTIC: [2] include(): Failed opening './Common/Conf/config.php' for inclusion (include_path='.;C:\php\pear') E:\phpStudy\WWW\qiche\Application\Admin\Conf\config.php 第 7 行.
NOTIC: [2] array_merge(): Argument #1 is not an array E:\phpStudy\WWW\qiche\Application\Admin\Conf\config.php 第 7 行.
INFO: [ app_begin ] --START--
INFO: Run Behavior\ReadHtmlCacheBehavior [ RunTime:0.000300s ]
INFO: [ app_begin ] --END-- [ RunTime:0.000320s ]
ERR: Too few arguments to function Admin\Controller\CommonController::_initialize(), 0 passed in E:\phpStudy\WWW\qiche\ThinkPHP\Library\Think\Controller.class.php on line 41 and exactly 1 expected

[ 2018-05-13T10:01:50+08:00 ] 127.0.0.1 /index.php?m=Admin&c=index&a=index
INFO: [ app_init ] --START--
INFO: Run Behavior\BuildLiteBehavior [ RunTime:0.000007s ]
INFO: [ app_init ] --END-- [ RunTime:0.000232s ]
NOTIC: [2] include(./Common/Conf/config.php): failed to open stream: No such file or directory E:\phpStudy\WWW\qiche\Application\Admin\Conf\config.php 第 7 行.
NOTIC: [2] include(): Failed opening './Common/Conf/config.php' for inclusion (include_path='.;C:\php\pear') E:\phpStudy\WWW\qiche\Application\Admin\Conf\config.php 第 7 行.
NOTIC: [2] array_merge(): Argument #1 is not an array E:\phpStudy\WWW\qiche\Application\Admin\Conf\config.php 第 7 行.
INFO: [ app_begin ] --START--
INFO: Run Behavior\ReadHtmlCacheBehavior [ RunTime:0.000292s ]
INFO: [ app_begin ] --END-- [ RunTime:0.000312s ]
ERR: Too few arguments to function Admin\Controller\CommonController::_initialize(), 0 passed in E:\phpStudy\WWW\qiche\ThinkPHP\Library\Think\Controller.class.php on line 41 and exactly 1 expected

[ 2018-05-13T10:02:46+08:00 ] 127.0.0.1 /index.php?m=Admin&c=index&a=index
INFO: [ app_init ] --START--
INFO: Run Behavior\BuildLiteBehavior [ RunTime:0.000009s ]
INFO: [ app_init ] --END-- [ RunTime:0.000392s ]
NOTIC: [2] include(./Common/Conf/config.php): failed to open stream: No such file or directory E:\phpStudy\WWW\qiche\Application\Admin\Conf\config.php 第 7 行.
NOTIC: [2] include(): Failed opening './Common/Conf/config.php' for inclusion (include_path='.;C:\php\pear') E:\phpStudy\WWW\qiche\Application\Admin\Conf\config.php 第 7 行.
NOTIC: [2] array_merge(): Argument #1 is not an array E:\phpStudy\WWW\qiche\Application\Admin\Conf\config.php 第 7 行.
INFO: [ app_begin ] --START--
INFO: Run Behavior\ReadHtmlCacheBehavior [ RunTime:0.000481s ]
INFO: [ app_begin ] --END-- [ RunTime:0.000510s ]
INFO: [ view_parse ] --START--
INFO: [ template_filter ] --START--
INFO: Run Behavior\ContentReplaceBehavior [ RunTime:0.000078s ]
INFO: [ template_filter ] --END-- [ RunTime:0.000114s ]
INFO: Run Behavior\ParseTemplateBehavior [ RunTime:0.006097s ]
INFO: [ view_parse ] --END-- [ RunTime:0.006129s ]
INFO: [ view_filter ] --START--
INFO: Run Behavior\WriteHtmlCacheBehavior [ RunTime:0.000300s ]
INFO: Run Behavior\TokenBuildBehavior [ RunTime:0.000363s ]
INFO: [ view_filter ] --END-- [ RunTime:0.000705s ]
INFO: [ app_end ] --START--
INFO: Run Behavior\ShowPageTraceBehavior [ RunTime:0.000509s ]
INFO: [ app_end ] --END-- [ RunTime:0.000533s ]

[ 2018-05-13T10:06:21+08:00 ] 127.0.0.1 /index.php?m=Admin&c=index&a=index
INFO: [ app_init ] --START--
INFO: Run Behavior\BuildLiteBehavior [ RunTime:0.000011s ]
INFO: [ app_init ] --END-- [ RunTime:0.000553s ]
NOTIC: [2] include(./Common/Conf/config.php): failed to open stream: No such file or directory E:\phpStudy\WWW\qiche\Application\Admin\Conf\config.php 第 7 行.
NOTIC: [2] include(): Failed opening './Common/Conf/config.php' for inclusion (include_path='.;C:\php\pear') E:\phpStudy\WWW\qiche\Application\Admin\Conf\config.php 第 7 行.
NOTIC: [2] array_merge(): Argument #1 is not an array E:\phpStudy\WWW\qiche\Application\Admin\Conf\config.php 第 7 行.
INFO: [ app_begin ] --START--
INFO: Run Behavior\ReadHtmlCacheBehavior [ RunTime:0.000433s ]
INFO: [ app_begin ] --END-- [ RunTime:0.000460s ]
INFO: [ view_parse ] --START--
INFO: [ template_filter ] --START--
INFO: Run Behavior\ContentReplaceBehavior [ RunTime:0.000034s ]
INFO: [ template_filter ] --END-- [ RunTime:0.000064s ]
INFO: Run Behavior\ParseTemplateBehavior [ RunTime:0.004061s ]
INFO: [ view_parse ] --END-- [ RunTime:0.004090s ]
INFO: [ view_filter ] --START--
INFO: Run Behavior\WriteHtmlCacheBehavior [ RunTime:0.000281s ]
INFO: Run Behavior\TokenBuildBehavior [ RunTime:0.000334s ]
INFO: [ view_filter ] --END-- [ RunTime:0.000652s ]
INFO: [ app_end ] --START--
INFO: Run Behavior\ShowPageTraceBehavior [ RunTime:0.000469s ]
INFO: [ app_end ] --END-- [ RunTime:0.000491s ]

[ 2018-05-13T10:06:38+08:00 ] 127.0.0.1 /index.php?m=Admin&c=index&a=index
INFO: [ app_init ] --START--
INFO: Run Behavior\BuildLiteBehavior [ RunTime:0.000009s ]
INFO: [ app_init ] --END-- [ RunTime:0.000415s ]
NOTIC: [2] include(./Common/Conf/config.php): failed to open stream: No such file or directory E:\phpStudy\WWW\qiche\Application\Admin\Conf\config.php 第 7 行.
NOTIC: [2] include(): Failed opening './Common/Conf/config.php' for inclusion (include_path='.;C:\php\pear') E:\phpStudy\WWW\qiche\Application\Admin\Conf\config.php 第 7 行.
NOTIC: [2] array_merge(): Argument #1 is not an array E:\phpStudy\WWW\qiche\Application\Admin\Conf\config.php 第 7 行.
INFO: [ app_begin ] --START--
INFO: Run Behavior\ReadHtmlCacheBehavior [ RunTime:0.000520s ]
INFO: [ app_begin ] --END-- [ RunTime:0.000558s ]

[ 2018-05-13T10:06:55+08:00 ] 127.0.0.1 /index.php?m=Admin&c=index&a=index
INFO: [ app_init ] --START--
INFO: Run Behavior\BuildLiteBehavior [ RunTime:0.000012s ]
INFO: [ app_init ] --END-- [ RunTime:0.000435s ]
NOTIC: [2] include(./Common/Conf/config.php): failed to open stream: No such file or directory E:\phpStudy\WWW\qiche\Application\Admin\Conf\config.php 第 7 行.
NOTIC: [2] include(): Failed opening './Common/Conf/config.php' for inclusion (include_path='.;C:\php\pear') E:\phpStudy\WWW\qiche\Application\Admin\Conf\config.php 第 7 行.
NOTIC: [2] array_merge(): Argument #1 is not an array E:\phpStudy\WWW\qiche\Application\Admin\Conf\config.php 第 7 行.
INFO: [ app_begin ] --START--
INFO: Run Behavior\ReadHtmlCacheBehavior [ RunTime:0.000540s ]
INFO: [ app_begin ] --END-- [ RunTime:0.000579s ]
INFO: [ view_parse ] --START--
INFO: [ template_filter ] --START--
INFO: Run Behavior\ContentReplaceBehavior [ RunTime:0.000047s ]
INFO: [ template_filter ] --END-- [ RunTime:0.000087s ]
INFO: Run Behavior\ParseTemplateBehavior [ RunTime:0.004766s ]
INFO: [ view_parse ] --END-- [ RunTime:0.004806s ]
INFO: [ view_filter ] --START--
INFO: Run Behavior\WriteHtmlCacheBehavior [ RunTime:0.000293s ]
INFO: Run Behavior\TokenBuildBehavior [ RunTime:0.000370s ]
INFO: [ view_filter ] --END-- [ RunTime:0.000715s ]
INFO: [ app_end ] --START--
INFO: Run Behavior\ShowPageTraceBehavior [ RunTime:0.000550s ]
INFO: [ app_end ] --END-- [ RunTime:0.000581s ]

[ 2018-05-13T10:07:03+08:00 ] 127.0.0.1 /index.php?s=admin&a=login
INFO: [ app_init ] --START--
INFO: Run Behavior\BuildLiteBehavior [ RunTime:0.000006s ]
INFO: [ app_init ] --END-- [ RunTime:0.000221s ]
NOTIC: [2] include(./Common/Conf/config.php): failed to open stream: No such file or directory E:\phpStudy\WWW\qiche\Application\Admin\Conf\config.php 第 7 行.
NOTIC: [2] include(): Failed opening './Common/Conf/config.php' for inclusion (include_path='.;C:\php\pear') E:\phpStudy\WWW\qiche\Application\Admin\Conf\config.php 第 7 行.
NOTIC: [2] array_merge(): Argument #1 is not an array E:\phpStudy\WWW\qiche\Application\Admin\Conf\config.php 第 7 行.
INFO: [ app_begin ] --START--
INFO: Run Behavior\ReadHtmlCacheBehavior [ RunTime:0.000276s ]
INFO: [ app_begin ] --END-- [ RunTime:0.000296s ]
SQL: SHOW COLUMNS FROM `app_users` [ RunTime:0.0029s ]
SQL: SELECT * FROM `app_users` WHERE ( user_name = 'admin' and user_pw= 'e10adc3949ba59abbe56e057f20f883e' ) LIMIT 1   [ RunTime:0.0003s ]

[ 2018-05-13T10:07:03+08:00 ] 127.0.0.1 /index.php?s=admin&a=admin
INFO: [ app_init ] --START--
INFO: Run Behavior\BuildLiteBehavior [ RunTime:0.000005s ]
INFO: [ app_init ] --END-- [ RunTime:0.000217s ]
NOTIC: [2] include(./Common/Conf/config.php): failed to open stream: No such file or directory E:\phpStudy\WWW\qiche\Application\Admin\Conf\config.php 第 7 行.
NOTIC: [2] include(): Failed opening './Common/Conf/config.php' for inclusion (include_path='.;C:\php\pear') E:\phpStudy\WWW\qiche\Application\Admin\Conf\config.php 第 7 行.
NOTIC: [2] array_merge(): Argument #1 is not an array E:\phpStudy\WWW\qiche\Application\Admin\Conf\config.php 第 7 行.
INFO: [ app_begin ] --START--
INFO: Run Behavior\ReadHtmlCacheBehavior [ RunTime:0.000273s ]
INFO: [ app_begin ] --END-- [ RunTime:0.000292s ]
SQL: SHOW COLUMNS FROM `app_name_list` [ RunTime:0.0034s ]
SQL: SELECT COUNT(*) AS tp_count FROM `app_name_list` LIMIT 1   [ RunTime:0.0002s ]
SQL: SELECT * FROM `app_name_list` ORDER BY num desc LIMIT 0,20   [ RunTime:0.0002s ]
INFO: [ view_parse ] --START--
INFO: [ template_filter ] --START--
INFO: Run Behavior\ContentReplaceBehavior [ RunTime:0.000065s ]
INFO: [ template_filter ] --END-- [ RunTime:0.000083s ]
NOTIC: [8] Undefined index: state E:\phpStudy\WWW\qiche\Application\Runtime\Cache\Admin\287056c0a7f5f43ee93607c1197529ca.php 第 161 行.
NOTIC: [8] Undefined index: state E:\phpStudy\WWW\qiche\Application\Runtime\Cache\Admin\287056c0a7f5f43ee93607c1197529ca.php 第 162 行.
INFO: Run Behavior\ParseTemplateBehavior [ RunTime:0.004544s ]
INFO: [ view_parse ] --END-- [ RunTime:0.004567s ]
INFO: [ view_filter ] --START--
INFO: Run Behavior\WriteHtmlCacheBehavior [ RunTime:0.000182s ]
INFO: Run Behavior\TokenBuildBehavior [ RunTime:0.000206s ]
INFO: [ view_filter ] --END-- [ RunTime:0.000416s ]
INFO: [ app_end ] --START--
INFO: Run Behavior\ShowPageTraceBehavior [ RunTime:0.000409s ]
INFO: [ app_end ] --END-- [ RunTime:0.000432s ]

[ 2018-05-13T11:00:03+08:00 ] 127.0.0.1 /index.php?s=admin&a=admin
INFO: [ app_init ] --START--
INFO: Run Behavior\BuildLiteBehavior [ RunTime:0.000006s ]
INFO: [ app_init ] --END-- [ RunTime:0.000225s ]
NOTIC: [2] include(./Common/Conf/config.php): failed to open stream: No such file or directory E:\phpStudy\WWW\qiche\Application\Admin\Conf\config.php 第 7 行.
NOTIC: [2] include(): Failed opening './Common/Conf/config.php' for inclusion (include_path='.;C:\php\pear') E:\phpStudy\WWW\qiche\Application\Admin\Conf\config.php 第 7 行.
NOTIC: [2] array_merge(): Argument #1 is not an array E:\phpStudy\WWW\qiche\Application\Admin\Conf\config.php 第 7 行.
INFO: [ app_begin ] --START--
INFO: Run Behavior\ReadHtmlCacheBehavior [ RunTime:0.000288s ]
INFO: [ app_begin ] --END-- [ RunTime:0.000308s ]
SQL: SHOW COLUMNS FROM `app_name_list` [ RunTime:0.0039s ]
SQL: SELECT COUNT(*) AS tp_count FROM `app_name_list` LIMIT 1   [ RunTime:0.0002s ]
SQL: SELECT * FROM `app_name_list` ORDER BY num desc LIMIT 0,20   [ RunTime:0.0002s ]
INFO: [ view_parse ] --START--
INFO: [ template_filter ] --START--
INFO: Run Behavior\ContentReplaceBehavior [ RunTime:0.000068s ]
INFO: [ template_filter ] --END-- [ RunTime:0.000087s ]
NOTIC: [8] Undefined index: state E:\phpStudy\WWW\qiche\Application\Runtime\Cache\Admin\287056c0a7f5f43ee93607c1197529ca.php 第 161 行.
NOTIC: [8] Undefined index: state E:\phpStudy\WWW\qiche\Application\Runtime\Cache\Admin\287056c0a7f5f43ee93607c1197529ca.php 第 162 行.
INFO: Run Behavior\ParseTemplateBehavior [ RunTime:0.004554s ]
INFO: [ view_parse ] --END-- [ RunTime:0.004573s ]
INFO: [ view_filter ] --START--
INFO: Run Behavior\WriteHtmlCacheBehavior [ RunTime:0.000164s ]
INFO: Run Behavior\TokenBuildBehavior [ RunTime:0.000257s ]
INFO: [ view_filter ] --END-- [ RunTime:0.000449s ]
INFO: [ app_end ] --START--
INFO: Run Behavior\ShowPageTraceBehavior [ RunTime:0.000331s ]
INFO: [ app_end ] --END-- [ RunTime:0.000351s ]

